<?xml version="1.0" encoding="UTF-8"?>
<coverage generated="1783425659962" clover="3.2.0">
  <project timestamp="1783425659962" name="All files">
    <metrics statements="47" coveredstatements="47" conditionals="64" coveredconditionals="57" methods="6" coveredmethods="6" elements="117" coveredelements="110" complexity="0" loc="47" ncloc="47" packages="1" files="1" classes="1"/>
    <file name="utils.js" path="/home/runner/work/AGENDA-UEMG/AGENDA-UEMG/src/js/utils.js">
      <metrics statements="47" coveredstatements="47" conditionals="64" coveredconditionals="57" methods="6" coveredmethods="6"/>
      <line num="5" count="1" type="stmt"/>
      <line num="6" count="2" type="stmt"/>
      <line num="8" count="2" type="stmt"/>
      <line num="9" count="8" type="stmt"/>
      <line num="10" count="8" type="cond" truecount="4" falsecount="0"/>
      <line num="12" count="4" type="stmt"/>
      <line num="13" count="4" type="cond" truecount="1" falsecount="1"/>
      <line num="15" count="4" type="stmt"/>
      <line num="16" count="4" type="stmt"/>
      <line num="18" count="4" type="cond" truecount="5" falsecount="1"/>
      <line num="19" count="2" type="stmt"/>
      <line num="22" count="4" type="stmt"/>
      <line num="25" count="2" type="stmt"/>
      <line num="28" count="1" type="cond" truecount="1" falsecount="1"/>
      <line num="29" count="2" type="cond" truecount="3" falsecount="1"/>
      <line num="30" count="2" type="cond" truecount="2" falsecount="1"/>
      <line num="31" count="2" type="cond" truecount="2" falsecount="1"/>
      <line num="33" count="2" type="stmt"/>
      <line num="40" count="1" type="stmt"/>
      <line num="41" count="43" type="cond" truecount="2" falsecount="0"/>
      <line num="43" count="40" type="stmt"/>
      <line num="44" count="40" type="stmt"/>
      <line num="47" count="40" type="stmt"/>
      <line num="48" count="40" type="stmt"/>
      <line num="50" count="40" type="stmt"/>
      <line num="56" count="1" type="stmt"/>
      <line num="57" count="16" type="cond" truecount="4" falsecount="0"/>
      <line num="59" count="14" type="stmt"/>
      <line num="62" count="14" type="cond" truecount="5" falsecount="0"/>
      <line num="63" count="1" type="stmt"/>
      <line num="66" count="13" type="cond" truecount="5" falsecount="0"/>
      <line num="67" count="8" type="stmt"/>
      <line num="68" count="5" type="cond" truecount="2" falsecount="0"/>
      <line num="69" count="3" type="cond" truecount="2" falsecount="0"/>
      <line num="71" count="2" type="stmt"/>
      <line num="78" count="1" type="stmt"/>
      <line num="80" count="38" type="cond" truecount="4" falsecount="0"/>
      <line num="81" count="2" type="stmt"/>
      <line num="83" count="36" type="cond" truecount="4" falsecount="0"/>
      <line num="84" count="2" type="stmt"/>
      <line num="86" count="34" type="cond" truecount="2" falsecount="0"/>
      <line num="87" count="1" type="stmt"/>
      <line num="90" count="33" type="cond" truecount="4" falsecount="0"/>
      <line num="91" count="1" type="stmt"/>
      <line num="95" count="32" type="cond" truecount="2" falsecount="0"/>
      <line num="96" count="1" type="stmt"/>
      <line num="100" count="31" type="stmt"/>
    </file>
  </project>
</coverage>
