{"/workspaces/AGENDA-UEMG/src/js/app.js": {"path":"/workspaces/AGENDA-UEMG/src/js/app.js","statementMap":{"0":{"start":{"line":11,"column":14},"end":{"line":16,"column":1}},"1":{"start":{"line":19,"column":17},"end":{"line":37,"column":1}},"2":{"start":{"line":40,"column":18},"end":{"line":40,"column":28}},"3":{"start":{"line":42,"column":16},"end":{"line":218,"column":1}},"4":{"start":{"line":44,"column":20},"end":{"line":44,"column":27}},"5":{"start":{"line":46,"column":4},"end":{"line":54,"column":7}},"6":{"start":{"line":47,"column":8},"end":{"line":47,"column":31}},"7":{"start":{"line":48,"column":8},"end":{"line":48,"column":59}},"8":{"start":{"line":49,"column":8},"end":{"line":49,"column":65}},"9":{"start":{"line":50,"column":8},"end":{"line":50,"column":53}},"10":{"start":{"line":51,"column":8},"end":{"line":51,"column":53}},"11":{"start":{"line":52,"column":8},"end":{"line":52,"column":51}},"12":{"start":{"line":53,"column":8},"end":{"line":53,"column":48}},"13":{"start":{"line":56,"column":4},"end":{"line":64,"column":7}},"14":{"start":{"line":57,"column":8},"end":{"line":57,"column":28}},"15":{"start":{"line":58,"column":8},"end":{"line":58,"column":56}},"16":{"start":{"line":59,"column":8},"end":{"line":59,"column":54}},"17":{"start":{"line":60,"column":8},"end":{"line":60,"column":50}},"18":{"start":{"line":61,"column":8},"end":{"line":61,"column":56}},"19":{"start":{"line":62,"column":8},"end":{"line":62,"column":48}},"20":{"start":{"line":63,"column":8},"end":{"line":63,"column":51}},"21":{"start":{"line":67,"column":4},"end":{"line":72,"column":7}},"22":{"start":{"line":68,"column":8},"end":{"line":71,"column":9}},"23":{"start":{"line":69,"column":25},"end":{"line":69,"column":50}},"24":{"start":{"line":70,"column":12},"end":{"line":70,"column":73}},"25":{"start":{"line":75,"column":4},"end":{"line":117,"column":7}},"26":{"start":{"line":76,"column":8},"end":{"line":76,"column":27}},"27":{"start":{"line":77,"column":22},"end":{"line":77,"column":65}},"28":{"start":{"line":78,"column":25},"end":{"line":78,"column":71}},"29":{"start":{"line":80,"column":8},"end":{"line":80,"column":47}},"30":{"start":{"line":81,"column":8},"end":{"line":81,"column":62}},"31":{"start":{"line":83,"column":8},"end":{"line":116,"column":9}},"32":{"start":{"line":84,"column":12},"end":{"line":110,"column":13}},"33":{"start":{"line":85,"column":33},"end":{"line":85,"column":68}},"34":{"start":{"line":86,"column":26},"end":{"line":86,"column":44}},"35":{"start":{"line":87,"column":16},"end":{"line":87,"column":64}},"36":{"start":{"line":89,"column":29},"end":{"line":89,"column":71}},"37":{"start":{"line":90,"column":32},"end":{"line":90,"column":77}},"38":{"start":{"line":91,"column":30},"end":{"line":91,"column":72}},"39":{"start":{"line":94,"column":34},"end":{"line":94,"column":87}},"40":{"start":{"line":97,"column":16},"end":{"line":99,"column":17}},"41":{"start":{"line":98,"column":20},"end":{"line":98,"column":107}},"42":{"start":{"line":102,"column":16},"end":{"line":106,"column":19}},"43":{"start":{"line":108,"column":16},"end":{"line":108,"column":93}},"44":{"start":{"line":109,"column":16},"end":{"line":109,"column":42}},"45":{"start":{"line":112,"column":12},"end":{"line":112,"column":57}},"46":{"start":{"line":114,"column":12},"end":{"line":114,"column":52}},"47":{"start":{"line":115,"column":12},"end":{"line":115,"column":98}},"48":{"start":{"line":120,"column":4},"end":{"line":123,"column":7}},"49":{"start":{"line":121,"column":8},"end":{"line":121,"column":32}},"50":{"start":{"line":122,"column":8},"end":{"line":122,"column":26}},"51":{"start":{"line":126,"column":4},"end":{"line":128,"column":7}},"52":{"start":{"line":127,"column":8},"end":{"line":127,"column":56}},"53":{"start":{"line":130,"column":4},"end":{"line":135,"column":7}},"54":{"start":{"line":131,"column":8},"end":{"line":131,"column":53}},"55":{"start":{"line":132,"column":8},"end":{"line":132,"column":35}},"56":{"start":{"line":133,"column":8},"end":{"line":133,"column":31}},"57":{"start":{"line":134,"column":8},"end":{"line":134,"column":96}},"58":{"start":{"line":138,"column":4},"end":{"line":147,"column":7}},"59":{"start":{"line":139,"column":32},"end":{"line":139,"column":76}},"60":{"start":{"line":140,"column":8},"end":{"line":146,"column":9}},"61":{"start":{"line":141,"column":12},"end":{"line":141,"column":65}},"62":{"start":{"line":142,"column":12},"end":{"line":142,"column":59}},"63":{"start":{"line":144,"column":12},"end":{"line":144,"column":71}},"64":{"start":{"line":145,"column":12},"end":{"line":145,"column":62}},"65":{"start":{"line":150,"column":4},"end":{"line":206,"column":7}},"66":{"start":{"line":151,"column":8},"end":{"line":151,"column":27}},"67":{"start":{"line":152,"column":26},"end":{"line":152,"column":63}},"68":{"start":{"line":153,"column":8},"end":{"line":153,"column":34}},"69":{"start":{"line":155,"column":8},"end":{"line":205,"column":9}},"70":{"start":{"line":156,"column":30},"end":{"line":156,"column":66}},"71":{"start":{"line":157,"column":26},"end":{"line":157,"column":30}},"72":{"start":{"line":159,"column":12},"end":{"line":162,"column":13}},"73":{"start":{"line":160,"column":16},"end":{"line":160,"column":61}},"74":{"start":{"line":161,"column":16},"end":{"line":161,"column":66}},"75":{"start":{"line":164,"column":27},"end":{"line":164,"column":49}},"76":{"start":{"line":166,"column":27},"end":{"line":166,"column":66}},"77":{"start":{"line":167,"column":31},"end":{"line":167,"column":74}},"78":{"start":{"line":168,"column":30},"end":{"line":168,"column":72}},"79":{"start":{"line":169,"column":30},"end":{"line":169,"column":75}},"80":{"start":{"line":170,"column":25},"end":{"line":170,"column":69}},"81":{"start":{"line":171,"column":28},"end":{"line":171,"column":44}},"82":{"start":{"line":174,"column":35},"end":{"line":174,"column":108}},"83":{"start":{"line":177,"column":12},"end":{"line":177,"column":42}},"84":{"start":{"line":180,"column":30},"end":{"line":185,"column":13}},"85":{"start":{"line":187,"column":12},"end":{"line":194,"column":13}},"86":{"start":{"line":188,"column":16},"end":{"line":188,"column":65}},"87":{"start":{"line":189,"column":16},"end":{"line":189,"column":69}},"88":{"start":{"line":190,"column":16},"end":{"line":190,"column":39}},"89":{"start":{"line":192,"column":16},"end":{"line":192,"column":48}},"90":{"start":{"line":193,"column":16},"end":{"line":193,"column":62}},"91":{"start":{"line":196,"column":12},"end":{"line":196,"column":39}},"92":{"start":{"line":197,"column":12},"end":{"line":197,"column":57}},"93":{"start":{"line":198,"column":12},"end":{"line":198,"column":100}},"94":{"start":{"line":199,"column":12},"end":{"line":199,"column":29}},"95":{"start":{"line":201,"column":12},"end":{"line":201,"column":57}},"96":{"start":{"line":203,"column":12},"end":{"line":203,"column":39}},"97":{"start":{"line":204,"column":12},"end":{"line":204,"column":56}},"98":{"start":{"line":209,"column":4},"end":{"line":212,"column":7}},"99":{"start":{"line":210,"column":8},"end":{"line":210,"column":57}},"100":{"start":{"line":211,"column":8},"end":{"line":211,"column":31}},"101":{"start":{"line":214,"column":4},"end":{"line":217,"column":7}},"102":{"start":{"line":215,"column":8},"end":{"line":215,"column":57}},"103":{"start":{"line":216,"column":8},"end":{"line":216,"column":31}},"104":{"start":{"line":223,"column":4},"end":{"line":223,"column":26}},"105":{"start":{"line":224,"column":4},"end":{"line":224,"column":30}},"106":{"start":{"line":226,"column":4},"end":{"line":226,"column":49}},"107":{"start":{"line":227,"column":4},"end":{"line":227,"column":56}},"108":{"start":{"line":229,"column":4},"end":{"line":229,"column":52}},"109":{"start":{"line":231,"column":24},"end":{"line":231,"column":63}},"110":{"start":{"line":232,"column":4},"end":{"line":234,"column":5}},"111":{"start":{"line":233,"column":8},"end":{"line":233,"column":82}},"112":{"start":{"line":236,"column":19},"end":{"line":236,"column":41}},"113":{"start":{"line":237,"column":4},"end":{"line":247,"column":5}},"114":{"start":{"line":238,"column":21},"end":{"line":238,"column":52}},"115":{"start":{"line":239,"column":29},"end":{"line":239,"column":61}},"116":{"start":{"line":240,"column":32},"end":{"line":240,"column":53}},"117":{"start":{"line":242,"column":8},"end":{"line":242,"column":58}},"118":{"start":{"line":243,"column":8},"end":{"line":243,"column":131}},"119":{"start":{"line":245,"column":8},"end":{"line":245,"column":103}},"120":{"start":{"line":246,"column":8},"end":{"line":246,"column":79}},"121":{"start":{"line":250,"column":4},"end":{"line":250,"column":38}},"122":{"start":{"line":252,"column":4},"end":{"line":252,"column":21}},"123":{"start":{"line":253,"column":4},"end":{"line":253,"column":27}},"124":{"start":{"line":257,"column":28},"end":{"line":270,"column":1}},"125":{"start":{"line":258,"column":4},"end":{"line":269,"column":5}},"126":{"start":{"line":259,"column":28},"end":{"line":259,"column":70}},"127":{"start":{"line":260,"column":23},"end":{"line":260,"column":60}},"128":{"start":{"line":261,"column":8},"end":{"line":261,"column":28}},"129":{"start":{"line":261,"column":21},"end":{"line":261,"column":28}},"130":{"start":{"line":263,"column":8},"end":{"line":263,"column":81}},"131":{"start":{"line":264,"column":8},"end":{"line":266,"column":11}},"132":{"start":{"line":265,"column":12},"end":{"line":265,"column":79}},"133":{"start":{"line":268,"column":8},"end":{"line":268,"column":60}},"134":{"start":{"line":272,"column":23},"end":{"line":280,"column":1}},"135":{"start":{"line":273,"column":4},"end":{"line":279,"column":5}},"136":{"start":{"line":274,"column":22},"end":{"line":274,"column":42}},"137":{"start":{"line":275,"column":8},"end":{"line":275,"column":35}},"138":{"start":{"line":276,"column":8},"end":{"line":276,"column":27}},"139":{"start":{"line":278,"column":8},"end":{"line":278,"column":27}},"140":{"start":{"line":282,"column":25},"end":{"line":328,"column":1}},"141":{"start":{"line":283,"column":4},"end":{"line":283,"column":39}},"142":{"start":{"line":285,"column":4},"end":{"line":288,"column":5}},"143":{"start":{"line":286,"column":8},"end":{"line":286,"column":56}},"144":{"start":{"line":287,"column":8},"end":{"line":287,"column":15}},"145":{"start":{"line":290,"column":4},"end":{"line":290,"column":49}},"146":{"start":{"line":292,"column":4},"end":{"line":327,"column":7}},"147":{"start":{"line":293,"column":21},"end":{"line":293,"column":50}},"148":{"start":{"line":294,"column":21},"end":{"line":294,"column":68}},"149":{"start":{"line":295,"column":8},"end":{"line":295,"column":99}},"150":{"start":{"line":297,"column":32},"end":{"line":297,"column":59}},"151":{"start":{"line":299,"column":8},"end":{"line":325,"column":10}},"152":{"start":{"line":326,"column":8},"end":{"line":326,"column":46}},"153":{"start":{"line":331,"column":29},"end":{"line":363,"column":1}},"154":{"start":{"line":332,"column":29},"end":{"line":332,"column":74}},"155":{"start":{"line":333,"column":26},"end":{"line":333,"column":66}},"156":{"start":{"line":334,"column":4},"end":{"line":334,"column":52}},"157":{"start":{"line":334,"column":45},"end":{"line":334,"column":52}},"158":{"start":{"line":336,"column":16},"end":{"line":336,"column":41}},"159":{"start":{"line":337,"column":16},"end":{"line":337,"column":38}},"160":{"start":{"line":339,"column":18},"end":{"line":339,"column":143}},"161":{"start":{"line":341,"column":4},"end":{"line":341,"column":58}},"162":{"start":{"line":342,"column":4},"end":{"line":342,"column":33}},"163":{"start":{"line":344,"column":29},"end":{"line":344,"column":59}},"164":{"start":{"line":345,"column":22},"end":{"line":345,"column":57}},"165":{"start":{"line":346,"column":17},"end":{"line":346,"column":27}},"166":{"start":{"line":348,"column":4},"end":{"line":350,"column":5}},"167":{"start":{"line":348,"column":17},"end":{"line":348,"column":18}},"168":{"start":{"line":349,"column":8},"end":{"line":349,"column":65}},"169":{"start":{"line":352,"column":4},"end":{"line":362,"column":5}},"170":{"start":{"line":352,"column":19},"end":{"line":352,"column":20}},"171":{"start":{"line":353,"column":23},"end":{"line":353,"column":52}},"172":{"start":{"line":354,"column":8},"end":{"line":354,"column":33}},"173":{"start":{"line":355,"column":8},"end":{"line":355,"column":33}},"174":{"start":{"line":357,"column":8},"end":{"line":359,"column":9}},"175":{"start":{"line":358,"column":12},"end":{"line":358,"column":42}},"176":{"start":{"line":361,"column":8},"end":{"line":361,"column":42}},"177":{"start":{"line":366,"column":0},"end":{"line":379,"column":2}},"178":{"start":{"line":367,"column":20},"end":{"line":373,"column":6}},"179":{"start":{"line":375,"column":4},"end":{"line":378,"column":5}},"180":{"start":{"line":376,"column":8},"end":{"line":376,"column":31}},"181":{"start":{"line":377,"column":8},"end":{"line":377,"column":25}},"182":{"start":{"line":381,"column":0},"end":{"line":381,"column":10}}},"fnMap":{"0":{"name":"(anonymous_0)","decl":{"start":{"line":42,"column":16},"end":{"line":42,"column":17}},"loc":{"start":{"line":42,"column":22},"end":{"line":218,"column":1}},"line":42},"1":{"name":"(anonymous_1)","decl":{"start":{"line":46,"column":52},"end":{"line":46,"column":53}},"loc":{"start":{"line":46,"column":58},"end":{"line":54,"column":5}},"line":46},"2":{"name":"(anonymous_2)","decl":{"start":{"line":56,"column":49},"end":{"line":56,"column":50}},"loc":{"start":{"line":56,"column":55},"end":{"line":64,"column":5}},"line":56},"3":{"name":"(anonymous_3)","decl":{"start":{"line":67,"column":26},"end":{"line":67,"column":27}},"loc":{"start":{"line":67,"column":36},"end":{"line":72,"column":5}},"line":67},"4":{"name":"(anonymous_4)","decl":{"start":{"line":75,"column":50},"end":{"line":75,"column":51}},"loc":{"start":{"line":75,"column":63},"end":{"line":117,"column":5}},"line":75},"5":{"name":"(anonymous_5)","decl":{"start":{"line":120,"column":47},"end":{"line":120,"column":48}},"loc":{"start":{"line":120,"column":59},"end":{"line":123,"column":5}},"line":120},"6":{"name":"(anonymous_6)","decl":{"start":{"line":126,"column":52},"end":{"line":126,"column":53}},"loc":{"start":{"line":126,"column":58},"end":{"line":128,"column":5}},"line":126},"7":{"name":"(anonymous_7)","decl":{"start":{"line":130,"column":53},"end":{"line":130,"column":54}},"loc":{"start":{"line":130,"column":59},"end":{"line":135,"column":5}},"line":130},"8":{"name":"(anonymous_8)","decl":{"start":{"line":138,"column":69},"end":{"line":138,"column":70}},"loc":{"start":{"line":138,"column":76},"end":{"line":147,"column":5}},"line":138},"9":{"name":"(anonymous_9)","decl":{"start":{"line":150,"column":51},"end":{"line":150,"column":52}},"loc":{"start":{"line":150,"column":64},"end":{"line":206,"column":5}},"line":150},"10":{"name":"(anonymous_10)","decl":{"start":{"line":209,"column":69},"end":{"line":209,"column":70}},"loc":{"start":{"line":209,"column":75},"end":{"line":212,"column":5}},"line":209},"11":{"name":"(anonymous_11)","decl":{"start":{"line":214,"column":69},"end":{"line":214,"column":70}},"loc":{"start":{"line":214,"column":75},"end":{"line":217,"column":5}},"line":214},"12":{"name":"entrarNoDashboard","decl":{"start":{"line":222,"column":15},"end":{"line":222,"column":32}},"loc":{"start":{"line":222,"column":54},"end":{"line":254,"column":1}},"line":222},"13":{"name":"(anonymous_13)","decl":{"start":{"line":257,"column":28},"end":{"line":257,"column":29}},"loc":{"start":{"line":257,"column":47},"end":{"line":270,"column":1}},"line":257},"14":{"name":"(anonymous_14)","decl":{"start":{"line":264,"column":28},"end":{"line":264,"column":29}},"loc":{"start":{"line":264,"column":33},"end":{"line":266,"column":9}},"line":264},"15":{"name":"(anonymous_15)","decl":{"start":{"line":272,"column":23},"end":{"line":272,"column":24}},"loc":{"start":{"line":272,"column":35},"end":{"line":280,"column":1}},"line":272},"16":{"name":"(anonymous_16)","decl":{"start":{"line":282,"column":25},"end":{"line":282,"column":26}},"loc":{"start":{"line":282,"column":31},"end":{"line":328,"column":1}},"line":282},"17":{"name":"(anonymous_17)","decl":{"start":{"line":292,"column":25},"end":{"line":292,"column":26}},"loc":{"start":{"line":292,"column":34},"end":{"line":327,"column":5}},"line":292},"18":{"name":"(anonymous_18)","decl":{"start":{"line":331,"column":29},"end":{"line":331,"column":30}},"loc":{"start":{"line":331,"column":35},"end":{"line":363,"column":1}},"line":331},"19":{"name":"(anonymous_19)","decl":{"start":{"line":366,"column":22},"end":{"line":366,"column":23}},"loc":{"start":{"line":366,"column":36},"end":{"line":379,"column":1}},"line":366}},"branchMap":{"0":{"loc":{"start":{"line":68,"column":8},"end":{"line":71,"column":9}},"type":"if","locations":[{"start":{"line":68,"column":8},"end":{"line":71,"column":9}},{"start":{},"end":{}}],"line":68},"1":{"loc":{"start":{"line":84,"column":12},"end":{"line":110,"column":13}},"type":"if","locations":[{"start":{"line":84,"column":12},"end":{"line":110,"column":13}},{"start":{"line":88,"column":19},"end":{"line":110,"column":13}}],"line":84},"2":{"loc":{"start":{"line":94,"column":34},"end":{"line":94,"column":87}},"type":"cond-expr","locations":[{"start":{"line":94,"column":59},"end":{"line":94,"column":75}},{"start":{"line":94,"column":78},"end":{"line":94,"column":87}}],"line":94},"3":{"loc":{"start":{"line":97,"column":16},"end":{"line":99,"column":17}},"type":"if","locations":[{"start":{"line":97,"column":16},"end":{"line":99,"column":17}},{"start":{},"end":{}}],"line":97},"4":{"loc":{"start":{"line":115,"column":49},"end":{"line":115,"column":97}},"type":"cond-expr","locations":[{"start":{"line":115,"column":73},"end":{"line":115,"column":81}},{"start":{"line":115,"column":84},"end":{"line":115,"column":97}}],"line":115},"5":{"loc":{"start":{"line":140,"column":8},"end":{"line":146,"column":9}},"type":"if","locations":[{"start":{"line":140,"column":8},"end":{"line":146,"column":9}},{"start":{"line":143,"column":15},"end":{"line":146,"column":9}}],"line":140},"6":{"loc":{"start":{"line":159,"column":12},"end":{"line":162,"column":13}},"type":"if","locations":[{"start":{"line":159,"column":12},"end":{"line":162,"column":13}},{"start":{},"end":{}}],"line":159},"7":{"loc":{"start":{"line":184,"column":27},"end":{"line":184,"column":83}},"type":"binary-expr","locations":[{"start":{"line":184,"column":27},"end":{"line":184,"column":74}},{"start":{"line":184,"column":78},"end":{"line":184,"column":83}}],"line":184},"8":{"loc":{"start":{"line":187,"column":12},"end":{"line":194,"column":13}},"type":"if","locations":[{"start":{"line":187,"column":12},"end":{"line":194,"column":13}},{"start":{"line":191,"column":19},"end":{"line":194,"column":13}}],"line":187},"9":{"loc":{"start":{"line":232,"column":4},"end":{"line":234,"column":5}},"type":"if","locations":[{"start":{"line":232,"column":4},"end":{"line":234,"column":5}},{"start":{},"end":{}}],"line":232},"10":{"loc":{"start":{"line":233,"column":36},"end":{"line":233,"column":81}},"type":"cond-expr","locations":[{"start":{"line":233,"column":66},"end":{"line":233,"column":72}},{"start":{"line":233,"column":75},"end":{"line":233,"column":81}}],"line":233},"11":{"loc":{"start":{"line":237,"column":4},"end":{"line":247,"column":5}},"type":"if","locations":[{"start":{"line":237,"column":4},"end":{"line":247,"column":5}},{"start":{},"end":{}}],"line":237},"12":{"loc":{"start":{"line":238,"column":21},"end":{"line":238,"column":52}},"type":"binary-expr","locations":[{"start":{"line":238,"column":21},"end":{"line":238,"column":46}},{"start":{"line":238,"column":50},"end":{"line":238,"column":52}}],"line":238},"13":{"loc":{"start":{"line":239,"column":29},"end":{"line":239,"column":61}},"type":"binary-expr","locations":[{"start":{"line":239,"column":29},"end":{"line":239,"column":38}},{"start":{"line":239,"column":42},"end":{"line":239,"column":61}}],"line":239},"14":{"loc":{"start":{"line":240,"column":32},"end":{"line":240,"column":53}},"type":"binary-expr","locations":[{"start":{"line":240,"column":32},"end":{"line":240,"column":43}},{"start":{"line":240,"column":47},"end":{"line":240,"column":53}}],"line":240},"15":{"loc":{"start":{"line":243,"column":67},"end":{"line":243,"column":130}},"type":"cond-expr","locations":[{"start":{"line":243,"column":85},"end":{"line":243,"column":114}},{"start":{"line":243,"column":117},"end":{"line":243,"column":130}}],"line":243},"16":{"loc":{"start":{"line":245,"column":45},"end":{"line":245,"column":102}},"type":"cond-expr","locations":[{"start":{"line":245,"column":73},"end":{"line":245,"column":88}},{"start":{"line":245,"column":91},"end":{"line":245,"column":102}}],"line":245},"17":{"loc":{"start":{"line":261,"column":8},"end":{"line":261,"column":28}},"type":"if","locations":[{"start":{"line":261,"column":8},"end":{"line":261,"column":28}},{"start":{},"end":{}}],"line":261},"18":{"loc":{"start":{"line":275,"column":23},"end":{"line":275,"column":34}},"type":"binary-expr","locations":[{"start":{"line":275,"column":23},"end":{"line":275,"column":28}},{"start":{"line":275,"column":32},"end":{"line":275,"column":34}}],"line":275},"19":{"loc":{"start":{"line":285,"column":4},"end":{"line":288,"column":5}},"type":"if","locations":[{"start":{"line":285,"column":4},"end":{"line":288,"column":5}},{"start":{},"end":{}}],"line":285},"20":{"loc":{"start":{"line":294,"column":21},"end":{"line":294,"column":68}},"type":"binary-expr","locations":[{"start":{"line":294,"column":21},"end":{"line":294,"column":53}},{"start":{"line":294,"column":57},"end":{"line":294,"column":68}}],"line":294},"21":{"loc":{"start":{"line":295,"column":64},"end":{"line":295,"column":96}},"type":"cond-expr","locations":[{"start":{"line":295,"column":82},"end":{"line":295,"column":91}},{"start":{"line":295,"column":94},"end":{"line":295,"column":96}}],"line":295},"22":{"loc":{"start":{"line":302,"column":18},"end":{"line":306,"column":22}},"type":"cond-expr","locations":[{"start":{"line":302,"column":56},"end":{"line":306,"column":17}},{"start":{"line":306,"column":20},"end":{"line":306,"column":22}}],"line":302},"23":{"loc":{"start":{"line":311,"column":14},"end":{"line":311,"column":210}},"type":"cond-expr","locations":[{"start":{"line":311,"column":33},"end":{"line":311,"column":205}},{"start":{"line":311,"column":208},"end":{"line":311,"column":210}}],"line":311},"24":{"loc":{"start":{"line":313,"column":36},"end":{"line":313,"column":59}},"type":"binary-expr","locations":[{"start":{"line":313,"column":36},"end":{"line":313,"column":53}},{"start":{"line":313,"column":57},"end":{"line":313,"column":59}}],"line":313},"25":{"loc":{"start":{"line":316,"column":18},"end":{"line":320,"column":22}},"type":"cond-expr","locations":[{"start":{"line":316,"column":35},"end":{"line":320,"column":17}},{"start":{"line":320,"column":20},"end":{"line":320,"column":22}}],"line":316},"26":{"loc":{"start":{"line":334,"column":4},"end":{"line":334,"column":52}},"type":"if","locations":[{"start":{"line":334,"column":4},"end":{"line":334,"column":52}},{"start":{},"end":{}}],"line":334},"27":{"loc":{"start":{"line":334,"column":8},"end":{"line":334,"column":43}},"type":"binary-expr","locations":[{"start":{"line":334,"column":8},"end":{"line":334,"column":25}},{"start":{"line":334,"column":29},"end":{"line":334,"column":43}}],"line":334},"28":{"loc":{"start":{"line":357,"column":8},"end":{"line":359,"column":9}},"type":"if","locations":[{"start":{"line":357,"column":8},"end":{"line":359,"column":9}},{"start":{},"end":{}}],"line":357},"29":{"loc":{"start":{"line":357,"column":12},"end":{"line":357,"column":91}},"type":"binary-expr","locations":[{"start":{"line":357,"column":12},"end":{"line":357,"column":34}},{"start":{"line":357,"column":38},"end":{"line":357,"column":61}},{"start":{"line":357,"column":65},"end":{"line":357,"column":91}}],"line":357},"30":{"loc":{"start":{"line":375,"column":4},"end":{"line":378,"column":5}},"type":"if","locations":[{"start":{"line":375,"column":4},"end":{"line":378,"column":5}},{"start":{},"end":{}}],"line":375}},"s":{"0":0,"1":0,"2":0,"3":0,"4":0,"5":0,"6":0,"7":0,"8":0,"9":0,"10":0,"11":0,"12":0,"13":0,"14":0,"15":0,"16":0,"17":0,"18":0,"19":0,"20":0,"21":0,"22":0,"23":0,"24":0,"25":0,"26":0,"27":0,"28":0,"29":0,"30":0,"31":0,"32":0,"33":0,"34":0,"35":0,"36":0,"37":0,"38":0,"39":0,"40":0,"41":0,"42":0,"43":0,"44":0,"45":0,"46":0,"47":0,"48":0,"49":0,"50":0,"51":0,"52":0,"53":0,"54":0,"55":0,"56":0,"57":0,"58":0,"59":0,"60":0,"61":0,"62":0,"63":0,"64":0,"65":0,"66":0,"67":0,"68":0,"69":0,"70":0,"71":0,"72":0,"73":0,"74":0,"75":0,"76":0,"77":0,"78":0,"79":0,"80":0,"81":0,"82":0,"83":0,"84":0,"85":0,"86":0,"87":0,"88":0,"89":0,"90":0,"91":0,"92":0,"93":0,"94":0,"95":0,"96":0,"97":0,"98":0,"99":0,"100":0,"101":0,"102":0,"103":0,"104":0,"105":0,"106":0,"107":0,"108":0,"109":0,"110":0,"111":0,"112":0,"113":0,"114":0,"115":0,"116":0,"117":0,"118":0,"119":0,"120":0,"121":0,"122":0,"123":0,"124":0,"125":0,"126":0,"127":0,"128":0,"129":0,"130":0,"131":0,"132":0,"133":0,"134":0,"135":0,"136":0,"137":0,"138":0,"139":0,"140":0,"141":0,"142":0,"143":0,"144":0,"145":0,"146":0,"147":0,"148":0,"149":0,"150":0,"151":0,"152":0,"153":0,"154":0,"155":0,"156":0,"157":0,"158":0,"159":0,"160":0,"161":0,"162":0,"163":0,"164":0,"165":0,"166":0,"167":0,"168":0,"169":0,"170":0,"171":0,"172":0,"173":0,"174":0,"175":0,"176":0,"177":0,"178":0,"179":0,"180":0,"181":0,"182":0},"f":{"0":0,"1":0,"2":0,"3":0,"4":0,"5":0,"6":0,"7":0,"8":0,"9":0,"10":0,"11":0,"12":0,"13":0,"14":0,"15":0,"16":0,"17":0,"18":0,"19":0},"b":{"0":[0,0],"1":[0,0],"2":[0,0],"3":[0,0],"4":[0,0],"5":[0,0],"6":[0,0],"7":[0,0],"8":[0,0],"9":[0,0],"10":[0,0],"11":[0,0],"12":[0,0],"13":[0,0],"14":[0,0],"15":[0,0],"16":[0,0],"17":[0,0],"18":[0,0],"19":[0,0],"20":[0,0],"21":[0,0],"22":[0,0],"23":[0,0],"24":[0,0],"25":[0,0],"26":[0,0],"27":[0,0],"28":[0,0],"29":[0,0,0],"30":[0,0]},"inputSourceMap":null}
,"/workspaces/AGENDA-UEMG/src/js/utils.js": {"path":"/workspaces/AGENDA-UEMG/src/js/utils.js","statementMap":{"0":{"start":{"line":5,"column":34},"end":{"line":16,"column":1}},"1":{"start":{"line":6,"column":4},"end":{"line":6,"column":34}},"2":{"start":{"line":6,"column":21},"end":{"line":6,"column":34}},"3":{"start":{"line":8,"column":22},"end":{"line":8,"column":42}},"4":{"start":{"line":9,"column":17},"end":{"line":9,"column":27}},"5":{"start":{"line":12,"column":4},"end":{"line":12,"column":30}},"6":{"start":{"line":13,"column":4},"end":{"line":13,"column":35}},"7":{"start":{"line":15,"column":4},"end":{"line":15,"column":29}},"8":{"start":{"line":21,"column":41},"end":{"line":37,"column":1}},"9":{"start":{"line":22,"column":4},"end":{"line":22,"column":58}},"10":{"start":{"line":22,"column":45},"end":{"line":22,"column":58}},"11":{"start":{"line":24,"column":23},"end":{"line":24,"column":49}},"12":{"start":{"line":27,"column":4},"end":{"line":29,"column":5}},"13":{"start":{"line":28,"column":8},"end":{"line":28,"column":21}},"14":{"start":{"line":31,"column":4},"end":{"line":35,"column":5}},"15":{"start":{"line":32,"column":8},"end":{"line":32,"column":56}},"16":{"start":{"line":33,"column":11},"end":{"line":35,"column":5}},"17":{"start":{"line":34,"column":8},"end":{"line":34,"column":92}},"18":{"start":{"line":36,"column":4},"end":{"line":36,"column":17}},"19":{"start":{"line":43,"column":32},"end":{"line":77,"column":1}},"20":{"start":{"line":45,"column":4},"end":{"line":47,"column":5}},"21":{"start":{"line":46,"column":8},"end":{"line":46,"column":50}},"22":{"start":{"line":48,"column":4},"end":{"line":50,"column":5}},"23":{"start":{"line":49,"column":8},"end":{"line":49,"column":54}},"24":{"start":{"line":51,"column":4},"end":{"line":53,"column":5}},"25":{"start":{"line":52,"column":8},"end":{"line":52,"column":59}},"26":{"start":{"line":54,"column":4},"end":{"line":56,"column":5}},"27":{"start":{"line":55,"column":8},"end":{"line":55,"column":79}},"28":{"start":{"line":59,"column":4},"end":{"line":61,"column":5}},"29":{"start":{"line":60,"column":8},"end":{"line":60,"column":58}},"30":{"start":{"line":64,"column":4},"end":{"line":66,"column":5}},"31":{"start":{"line":65,"column":8},"end":{"line":65,"column":69}},"32":{"start":{"line":69,"column":4},"end":{"line":76,"column":6}}},"fnMap":{"0":{"name":"(anonymous_0)","decl":{"start":{"line":5,"column":34},"end":{"line":5,"column":35}},"loc":{"start":{"line":5,"column":50},"end":{"line":16,"column":1}},"line":5},"1":{"name":"(anonymous_1)","decl":{"start":{"line":21,"column":41},"end":{"line":21,"column":42}},"loc":{"start":{"line":21,"column":58},"end":{"line":37,"column":1}},"line":21},"2":{"name":"(anonymous_2)","decl":{"start":{"line":43,"column":32},"end":{"line":43,"column":33}},"loc":{"start":{"line":43,"column":88},"end":{"line":77,"column":1}},"line":43}},"branchMap":{"0":{"loc":{"start":{"line":6,"column":4},"end":{"line":6,"column":34}},"type":"if","locations":[{"start":{"line":6,"column":4},"end":{"line":6,"column":34}},{"start":{},"end":{}}],"line":6},"1":{"loc":{"start":{"line":22,"column":4},"end":{"line":22,"column":58}},"type":"if","locations":[{"start":{"line":22,"column":4},"end":{"line":22,"column":58}},{"start":{},"end":{}}],"line":22},"2":{"loc":{"start":{"line":22,"column":8},"end":{"line":22,"column":43}},"type":"binary-expr","locations":[{"start":{"line":22,"column":8},"end":{"line":22,"column":14}},{"start":{"line":22,"column":18},"end":{"line":22,"column":43}}],"line":22},"3":{"loc":{"start":{"line":27,"column":4},"end":{"line":29,"column":5}},"type":"if","locations":[{"start":{"line":27,"column":4},"end":{"line":29,"column":5}},{"start":{},"end":{}}],"line":27},"4":{"loc":{"start":{"line":27,"column":8},"end":{"line":27,"column":91}},"type":"binary-expr","locations":[{"start":{"line":27,"column":8},"end":{"line":27,"column":33}},{"start":{"line":27,"column":37},"end":{"line":27,"column":63}},{"start":{"line":27,"column":67},"end":{"line":27,"column":91}}],"line":27},"5":{"loc":{"start":{"line":31,"column":4},"end":{"line":35,"column":5}},"type":"if","locations":[{"start":{"line":31,"column":4},"end":{"line":35,"column":5}},{"start":{"line":33,"column":11},"end":{"line":35,"column":5}}],"line":31},"6":{"loc":{"start":{"line":31,"column":8},"end":{"line":31,"column":75}},"type":"binary-expr","locations":[{"start":{"line":31,"column":8},"end":{"line":31,"column":26}},{"start":{"line":31,"column":30},"end":{"line":31,"column":55}},{"start":{"line":31,"column":59},"end":{"line":31,"column":75}}],"line":31},"7":{"loc":{"start":{"line":33,"column":11},"end":{"line":35,"column":5}},"type":"if","locations":[{"start":{"line":33,"column":11},"end":{"line":35,"column":5}},{"start":{},"end":{}}],"line":33},"8":{"loc":{"start":{"line":34,"column":15},"end":{"line":34,"column":91}},"type":"binary-expr","locations":[{"start":{"line":34,"column":15},"end":{"line":34,"column":46}},{"start":{"line":34,"column":50},"end":{"line":34,"column":91}}],"line":34},"9":{"loc":{"start":{"line":45,"column":4},"end":{"line":47,"column":5}},"type":"if","locations":[{"start":{"line":45,"column":4},"end":{"line":47,"column":5}},{"start":{},"end":{}}],"line":45},"10":{"loc":{"start":{"line":45,"column":8},"end":{"line":45,"column":39}},"type":"binary-expr","locations":[{"start":{"line":45,"column":8},"end":{"line":45,"column":15}},{"start":{"line":45,"column":19},"end":{"line":45,"column":39}}],"line":45},"11":{"loc":{"start":{"line":48,"column":4},"end":{"line":50,"column":5}},"type":"if","locations":[{"start":{"line":48,"column":4},"end":{"line":50,"column":5}},{"start":{},"end":{}}],"line":48},"12":{"loc":{"start":{"line":48,"column":8},"end":{"line":48,"column":47}},"type":"binary-expr","locations":[{"start":{"line":48,"column":8},"end":{"line":48,"column":19}},{"start":{"line":48,"column":23},"end":{"line":48,"column":47}}],"line":48},"13":{"loc":{"start":{"line":51,"column":4},"end":{"line":53,"column":5}},"type":"if","locations":[{"start":{"line":51,"column":4},"end":{"line":53,"column":5}},{"start":{},"end":{}}],"line":51},"14":{"loc":{"start":{"line":54,"column":4},"end":{"line":56,"column":5}},"type":"if","locations":[{"start":{"line":54,"column":4},"end":{"line":56,"column":5}},{"start":{},"end":{}}],"line":54},"15":{"loc":{"start":{"line":59,"column":4},"end":{"line":61,"column":5}},"type":"if","locations":[{"start":{"line":59,"column":4},"end":{"line":61,"column":5}},{"start":{},"end":{}}],"line":59},"16":{"loc":{"start":{"line":59,"column":8},"end":{"line":59,"column":35}},"type":"binary-expr","locations":[{"start":{"line":59,"column":8},"end":{"line":59,"column":13}},{"start":{"line":59,"column":17},"end":{"line":59,"column":35}}],"line":59},"17":{"loc":{"start":{"line":64,"column":4},"end":{"line":66,"column":5}},"type":"if","locations":[{"start":{"line":64,"column":4},"end":{"line":66,"column":5}},{"start":{},"end":{}}],"line":64},"18":{"loc":{"start":{"line":72,"column":21},"end":{"line":72,"column":54}},"type":"cond-expr","locations":[{"start":{"line":72,"column":33},"end":{"line":72,"column":49}},{"start":{"line":72,"column":52},"end":{"line":72,"column":54}}],"line":72}},"s":{"0":1,"1":42,"2":3,"3":39,"4":39,"5":39,"6":39,"7":39,"8":1,"9":16,"10":2,"11":14,"12":14,"13":1,"14":13,"15":8,"16":5,"17":3,"18":2,"19":1,"20":39,"21":2,"22":37,"23":2,"24":35,"25":1,"26":34,"27":2,"28":32,"29":1,"30":31,"31":1,"32":30},"f":{"0":42,"1":16,"2":39},"b":{"0":[3,39],"1":[2,14],"2":[16,14],"3":[1,13],"4":[14,14,13],"5":[8,5],"6":[13,8,6],"7":[3,2],"8":[3,1],"9":[2,37],"10":[39,38],"11":[2,35],"12":[37,36],"13":[1,34],"14":[2,32],"15":[1,31],"16":[32,31],"17":[1,30],"18":[26,4]},"inputSourceMap":null,"_coverageSchema":"1a1c01bbd47fc00a2c39e90264f33305004495a9","hash":"f3e1873fd0031e3a4bd52093b8dc561759083262"}
}
