{"/workspaces/AGENDA-UEMG/src/js/app.js": {"path":"/workspaces/AGENDA-UEMG/src/js/app.js","statementMap":{"0":{"start":{"line":11,"column":14},"end":{"line":17,"column":1}},"1":{"start":{"line":20,"column":17},"end":{"line":38,"column":1}},"2":{"start":{"line":41,"column":18},"end":{"line":41,"column":28}},"3":{"start":{"line":43,"column":16},"end":{"line":220,"column":1}},"4":{"start":{"line":45,"column":20},"end":{"line":45,"column":27}},"5":{"start":{"line":47,"column":4},"end":{"line":55,"column":7}},"6":{"start":{"line":48,"column":8},"end":{"line":48,"column":31}},"7":{"start":{"line":49,"column":8},"end":{"line":49,"column":59}},"8":{"start":{"line":50,"column":8},"end":{"line":50,"column":65}},"9":{"start":{"line":51,"column":8},"end":{"line":51,"column":53}},"10":{"start":{"line":52,"column":8},"end":{"line":52,"column":53}},"11":{"start":{"line":53,"column":8},"end":{"line":53,"column":51}},"12":{"start":{"line":54,"column":8},"end":{"line":54,"column":48}},"13":{"start":{"line":57,"column":4},"end":{"line":65,"column":7}},"14":{"start":{"line":58,"column":8},"end":{"line":58,"column":28}},"15":{"start":{"line":59,"column":8},"end":{"line":59,"column":56}},"16":{"start":{"line":60,"column":8},"end":{"line":60,"column":54}},"17":{"start":{"line":61,"column":8},"end":{"line":61,"column":50}},"18":{"start":{"line":62,"column":8},"end":{"line":62,"column":56}},"19":{"start":{"line":63,"column":8},"end":{"line":63,"column":48}},"20":{"start":{"line":64,"column":8},"end":{"line":64,"column":51}},"21":{"start":{"line":68,"column":4},"end":{"line":73,"column":7}},"22":{"start":{"line":69,"column":8},"end":{"line":72,"column":9}},"23":{"start":{"line":70,"column":27},"end":{"line":70,"column":68}},"24":{"start":{"line":71,"column":12},"end":{"line":71,"column":106}},"25":{"start":{"line":76,"column":4},"end":{"line":119,"column":7}},"26":{"start":{"line":77,"column":8},"end":{"line":77,"column":27}},"27":{"start":{"line":78,"column":22},"end":{"line":78,"column":65}},"28":{"start":{"line":79,"column":25},"end":{"line":79,"column":71}},"29":{"start":{"line":81,"column":8},"end":{"line":81,"column":47}},"30":{"start":{"line":82,"column":8},"end":{"line":82,"column":62}},"31":{"start":{"line":84,"column":8},"end":{"line":118,"column":9}},"32":{"start":{"line":85,"column":12},"end":{"line":112,"column":13}},"33":{"start":{"line":86,"column":33},"end":{"line":86,"column":68}},"34":{"start":{"line":87,"column":31},"end":{"line":87,"column":65}},"35":{"start":{"line":88,"column":16},"end":{"line":88,"column":96}},"36":{"start":{"line":90,"column":29},"end":{"line":90,"column":71}},"37":{"start":{"line":91,"column":32},"end":{"line":91,"column":77}},"38":{"start":{"line":92,"column":30},"end":{"line":92,"column":72}},"39":{"start":{"line":95,"column":34},"end":{"line":95,"column":87}},"40":{"start":{"line":98,"column":16},"end":{"line":100,"column":17}},"41":{"start":{"line":99,"column":20},"end":{"line":99,"column":107}},"42":{"start":{"line":103,"column":16},"end":{"line":108,"column":19}},"43":{"start":{"line":110,"column":16},"end":{"line":110,"column":93}},"44":{"start":{"line":111,"column":16},"end":{"line":111,"column":42}},"45":{"start":{"line":114,"column":12},"end":{"line":114,"column":57}},"46":{"start":{"line":116,"column":12},"end":{"line":116,"column":52}},"47":{"start":{"line":117,"column":12},"end":{"line":117,"column":98}},"48":{"start":{"line":122,"column":4},"end":{"line":125,"column":7}},"49":{"start":{"line":123,"column":8},"end":{"line":123,"column":32}},"50":{"start":{"line":124,"column":8},"end":{"line":124,"column":26}},"51":{"start":{"line":128,"column":4},"end":{"line":130,"column":7}},"52":{"start":{"line":129,"column":8},"end":{"line":129,"column":56}},"53":{"start":{"line":132,"column":4},"end":{"line":137,"column":7}},"54":{"start":{"line":133,"column":8},"end":{"line":133,"column":53}},"55":{"start":{"line":134,"column":8},"end":{"line":134,"column":35}},"56":{"start":{"line":135,"column":8},"end":{"line":135,"column":31}},"57":{"start":{"line":136,"column":8},"end":{"line":136,"column":96}},"58":{"start":{"line":140,"column":4},"end":{"line":149,"column":7}},"59":{"start":{"line":141,"column":32},"end":{"line":141,"column":76}},"60":{"start":{"line":142,"column":8},"end":{"line":148,"column":9}},"61":{"start":{"line":143,"column":12},"end":{"line":143,"column":65}},"62":{"start":{"line":144,"column":12},"end":{"line":144,"column":59}},"63":{"start":{"line":146,"column":12},"end":{"line":146,"column":71}},"64":{"start":{"line":147,"column":12},"end":{"line":147,"column":62}},"65":{"start":{"line":152,"column":4},"end":{"line":208,"column":7}},"66":{"start":{"line":153,"column":8},"end":{"line":153,"column":27}},"67":{"start":{"line":154,"column":26},"end":{"line":154,"column":63}},"68":{"start":{"line":155,"column":8},"end":{"line":155,"column":34}},"69":{"start":{"line":157,"column":8},"end":{"line":207,"column":9}},"70":{"start":{"line":158,"column":30},"end":{"line":158,"column":66}},"71":{"start":{"line":159,"column":26},"end":{"line":159,"column":30}},"72":{"start":{"line":161,"column":12},"end":{"line":164,"column":13}},"73":{"start":{"line":162,"column":16},"end":{"line":162,"column":61}},"74":{"start":{"line":163,"column":16},"end":{"line":163,"column":66}},"75":{"start":{"line":166,"column":27},"end":{"line":166,"column":49}},"76":{"start":{"line":168,"column":27},"end":{"line":168,"column":66}},"77":{"start":{"line":169,"column":31},"end":{"line":169,"column":74}},"78":{"start":{"line":170,"column":30},"end":{"line":170,"column":72}},"79":{"start":{"line":171,"column":30},"end":{"line":171,"column":75}},"80":{"start":{"line":172,"column":25},"end":{"line":172,"column":69}},"81":{"start":{"line":173,"column":28},"end":{"line":173,"column":44}},"82":{"start":{"line":176,"column":35},"end":{"line":176,"column":108}},"83":{"start":{"line":179,"column":33},"end":{"line":179,"column":71}},"84":{"start":{"line":180,"column":29},"end":{"line":180,"column":98}},"85":{"start":{"line":181,"column":30},"end":{"line":187,"column":13}},"86":{"start":{"line":189,"column":12},"end":{"line":196,"column":13}},"87":{"start":{"line":190,"column":16},"end":{"line":190,"column":65}},"88":{"start":{"line":191,"column":16},"end":{"line":191,"column":69}},"89":{"start":{"line":192,"column":16},"end":{"line":192,"column":39}},"90":{"start":{"line":194,"column":16},"end":{"line":194,"column":48}},"91":{"start":{"line":195,"column":16},"end":{"line":195,"column":62}},"92":{"start":{"line":198,"column":12},"end":{"line":198,"column":39}},"93":{"start":{"line":199,"column":12},"end":{"line":199,"column":57}},"94":{"start":{"line":200,"column":12},"end":{"line":200,"column":100}},"95":{"start":{"line":201,"column":12},"end":{"line":201,"column":29}},"96":{"start":{"line":203,"column":12},"end":{"line":203,"column":57}},"97":{"start":{"line":205,"column":12},"end":{"line":205,"column":39}},"98":{"start":{"line":206,"column":12},"end":{"line":206,"column":56}},"99":{"start":{"line":211,"column":4},"end":{"line":214,"column":7}},"100":{"start":{"line":212,"column":8},"end":{"line":212,"column":57}},"101":{"start":{"line":213,"column":8},"end":{"line":213,"column":31}},"102":{"start":{"line":216,"column":4},"end":{"line":219,"column":7}},"103":{"start":{"line":217,"column":8},"end":{"line":217,"column":57}},"104":{"start":{"line":218,"column":8},"end":{"line":218,"column":31}},"105":{"start":{"line":222,"column":31},"end":{"line":237,"column":1}},"106":{"start":{"line":223,"column":21},"end":{"line":223,"column":49}},"107":{"start":{"line":224,"column":21},"end":{"line":224,"column":64}},"108":{"start":{"line":226,"column":26},"end":{"line":226,"column":64}},"109":{"start":{"line":228,"column":4},"end":{"line":230,"column":5}},"110":{"start":{"line":229,"column":8},"end":{"line":229,"column":61}},"111":{"start":{"line":232,"column":4},"end":{"line":236,"column":6}},"112":{"start":{"line":242,"column":4},"end":{"line":242,"column":26}},"113":{"start":{"line":243,"column":4},"end":{"line":243,"column":26}},"114":{"start":{"line":244,"column":4},"end":{"line":244,"column":30}},"115":{"start":{"line":246,"column":4},"end":{"line":246,"column":49}},"116":{"start":{"line":247,"column":4},"end":{"line":247,"column":56}},"117":{"start":{"line":249,"column":4},"end":{"line":249,"column":52}},"118":{"start":{"line":251,"column":24},"end":{"line":251,"column":63}},"119":{"start":{"line":252,"column":25},"end":{"line":252,"column":63}},"120":{"start":{"line":253,"column":4},"end":{"line":255,"column":5}},"121":{"start":{"line":254,"column":8},"end":{"line":254,"column":82}},"122":{"start":{"line":256,"column":4},"end":{"line":259,"column":5}},"123":{"start":{"line":257,"column":8},"end":{"line":257,"column":37}},"124":{"start":{"line":258,"column":8},"end":{"line":258,"column":58}},"125":{"start":{"line":261,"column":19},"end":{"line":261,"column":41}},"126":{"start":{"line":262,"column":4},"end":{"line":272,"column":5}},"127":{"start":{"line":263,"column":21},"end":{"line":263,"column":52}},"128":{"start":{"line":264,"column":34},"end":{"line":264,"column":95}},"129":{"start":{"line":265,"column":32},"end":{"line":265,"column":58}},"130":{"start":{"line":267,"column":8},"end":{"line":267,"column":63}},"131":{"start":{"line":268,"column":8},"end":{"line":268,"column":131}},"132":{"start":{"line":270,"column":8},"end":{"line":270,"column":103}},"133":{"start":{"line":271,"column":8},"end":{"line":271,"column":84}},"134":{"start":{"line":275,"column":4},"end":{"line":275,"column":38}},"135":{"start":{"line":277,"column":4},"end":{"line":277,"column":21}},"136":{"start":{"line":278,"column":4},"end":{"line":278,"column":27}},"137":{"start":{"line":282,"column":28},"end":{"line":298,"column":1}},"138":{"start":{"line":283,"column":4},"end":{"line":297,"column":5}},"139":{"start":{"line":284,"column":28},"end":{"line":284,"column":70}},"140":{"start":{"line":285,"column":23},"end":{"line":285,"column":60}},"141":{"start":{"line":286,"column":8},"end":{"line":286,"column":28}},"142":{"start":{"line":286,"column":21},"end":{"line":286,"column":28}},"143":{"start":{"line":288,"column":8},"end":{"line":288,"column":81}},"144":{"start":{"line":289,"column":8},"end":{"line":294,"column":11}},"145":{"start":{"line":290,"column":35},"end":{"line":290,"column":70}},"146":{"start":{"line":291,"column":12},"end":{"line":293,"column":13}},"147":{"start":{"line":292,"column":16},"end":{"line":292,"column":99}},"148":{"start":{"line":296,"column":8},"end":{"line":296,"column":60}},"149":{"start":{"line":300,"column":23},"end":{"line":308,"column":1}},"150":{"start":{"line":301,"column":4},"end":{"line":307,"column":5}},"151":{"start":{"line":302,"column":22},"end":{"line":302,"column":72}},"152":{"start":{"line":303,"column":8},"end":{"line":303,"column":35}},"153":{"start":{"line":304,"column":8},"end":{"line":304,"column":27}},"154":{"start":{"line":306,"column":8},"end":{"line":306,"column":27}},"155":{"start":{"line":310,"column":25},"end":{"line":359,"column":1}},"156":{"start":{"line":311,"column":4},"end":{"line":311,"column":39}},"157":{"start":{"line":313,"column":4},"end":{"line":316,"column":5}},"158":{"start":{"line":314,"column":8},"end":{"line":314,"column":56}},"159":{"start":{"line":315,"column":8},"end":{"line":315,"column":15}},"160":{"start":{"line":318,"column":4},"end":{"line":318,"column":49}},"161":{"start":{"line":320,"column":4},"end":{"line":358,"column":7}},"162":{"start":{"line":321,"column":21},"end":{"line":321,"column":50}},"163":{"start":{"line":322,"column":21},"end":{"line":322,"column":68}},"164":{"start":{"line":323,"column":8},"end":{"line":323,"column":99}},"165":{"start":{"line":325,"column":32},"end":{"line":325,"column":67}},"166":{"start":{"line":326,"column":30},"end":{"line":326,"column":76}},"167":{"start":{"line":327,"column":25},"end":{"line":327,"column":134}},"168":{"start":{"line":329,"column":8},"end":{"line":329,"column":92}},"169":{"start":{"line":330,"column":8},"end":{"line":356,"column":10}},"170":{"start":{"line":357,"column":8},"end":{"line":357,"column":46}},"171":{"start":{"line":362,"column":29},"end":{"line":394,"column":1}},"172":{"start":{"line":363,"column":29},"end":{"line":363,"column":74}},"173":{"start":{"line":364,"column":26},"end":{"line":364,"column":66}},"174":{"start":{"line":365,"column":4},"end":{"line":365,"column":52}},"175":{"start":{"line":365,"column":45},"end":{"line":365,"column":52}},"176":{"start":{"line":367,"column":16},"end":{"line":367,"column":41}},"177":{"start":{"line":368,"column":16},"end":{"line":368,"column":38}},"178":{"start":{"line":370,"column":18},"end":{"line":370,"column":143}},"179":{"start":{"line":372,"column":4},"end":{"line":372,"column":58}},"180":{"start":{"line":373,"column":4},"end":{"line":373,"column":33}},"181":{"start":{"line":375,"column":29},"end":{"line":375,"column":59}},"182":{"start":{"line":376,"column":22},"end":{"line":376,"column":57}},"183":{"start":{"line":377,"column":17},"end":{"line":377,"column":27}},"184":{"start":{"line":379,"column":4},"end":{"line":381,"column":5}},"185":{"start":{"line":379,"column":17},"end":{"line":379,"column":18}},"186":{"start":{"line":380,"column":8},"end":{"line":380,"column":65}},"187":{"start":{"line":383,"column":4},"end":{"line":393,"column":5}},"188":{"start":{"line":383,"column":19},"end":{"line":383,"column":20}},"189":{"start":{"line":384,"column":23},"end":{"line":384,"column":52}},"190":{"start":{"line":385,"column":8},"end":{"line":385,"column":33}},"191":{"start":{"line":386,"column":8},"end":{"line":386,"column":33}},"192":{"start":{"line":388,"column":8},"end":{"line":390,"column":9}},"193":{"start":{"line":389,"column":12},"end":{"line":389,"column":42}},"194":{"start":{"line":392,"column":8},"end":{"line":392,"column":42}},"195":{"start":{"line":397,"column":0},"end":{"line":410,"column":2}},"196":{"start":{"line":398,"column":20},"end":{"line":404,"column":6}},"197":{"start":{"line":406,"column":4},"end":{"line":409,"column":5}},"198":{"start":{"line":407,"column":8},"end":{"line":407,"column":31}},"199":{"start":{"line":408,"column":8},"end":{"line":408,"column":25}},"200":{"start":{"line":412,"column":0},"end":{"line":412,"column":10}}},"fnMap":{"0":{"name":"(anonymous_0)","decl":{"start":{"line":43,"column":16},"end":{"line":43,"column":17}},"loc":{"start":{"line":43,"column":22},"end":{"line":220,"column":1}},"line":43},"1":{"name":"(anonymous_1)","decl":{"start":{"line":47,"column":52},"end":{"line":47,"column":53}},"loc":{"start":{"line":47,"column":58},"end":{"line":55,"column":5}},"line":47},"2":{"name":"(anonymous_2)","decl":{"start":{"line":57,"column":49},"end":{"line":57,"column":50}},"loc":{"start":{"line":57,"column":55},"end":{"line":65,"column":5}},"line":57},"3":{"name":"(anonymous_3)","decl":{"start":{"line":68,"column":26},"end":{"line":68,"column":27}},"loc":{"start":{"line":68,"column":44},"end":{"line":73,"column":5}},"line":68},"4":{"name":"(anonymous_4)","decl":{"start":{"line":76,"column":50},"end":{"line":76,"column":51}},"loc":{"start":{"line":76,"column":63},"end":{"line":119,"column":5}},"line":76},"5":{"name":"(anonymous_5)","decl":{"start":{"line":122,"column":47},"end":{"line":122,"column":48}},"loc":{"start":{"line":122,"column":59},"end":{"line":125,"column":5}},"line":122},"6":{"name":"(anonymous_6)","decl":{"start":{"line":128,"column":52},"end":{"line":128,"column":53}},"loc":{"start":{"line":128,"column":58},"end":{"line":130,"column":5}},"line":128},"7":{"name":"(anonymous_7)","decl":{"start":{"line":132,"column":53},"end":{"line":132,"column":54}},"loc":{"start":{"line":132,"column":59},"end":{"line":137,"column":5}},"line":132},"8":{"name":"(anonymous_8)","decl":{"start":{"line":140,"column":69},"end":{"line":140,"column":70}},"loc":{"start":{"line":140,"column":76},"end":{"line":149,"column":5}},"line":140},"9":{"name":"(anonymous_9)","decl":{"start":{"line":152,"column":51},"end":{"line":152,"column":52}},"loc":{"start":{"line":152,"column":64},"end":{"line":208,"column":5}},"line":152},"10":{"name":"(anonymous_10)","decl":{"start":{"line":211,"column":69},"end":{"line":211,"column":70}},"loc":{"start":{"line":211,"column":75},"end":{"line":214,"column":5}},"line":211},"11":{"name":"(anonymous_11)","decl":{"start":{"line":216,"column":69},"end":{"line":216,"column":70}},"loc":{"start":{"line":216,"column":75},"end":{"line":219,"column":5}},"line":216},"12":{"name":"(anonymous_12)","decl":{"start":{"line":222,"column":31},"end":{"line":222,"column":32}},"loc":{"start":{"line":222,"column":50},"end":{"line":237,"column":1}},"line":222},"13":{"name":"entrarNoDashboard","decl":{"start":{"line":241,"column":15},"end":{"line":241,"column":32}},"loc":{"start":{"line":241,"column":83},"end":{"line":279,"column":1}},"line":241},"14":{"name":"(anonymous_14)","decl":{"start":{"line":282,"column":28},"end":{"line":282,"column":29}},"loc":{"start":{"line":282,"column":47},"end":{"line":298,"column":1}},"line":282},"15":{"name":"(anonymous_15)","decl":{"start":{"line":289,"column":36},"end":{"line":289,"column":37}},"loc":{"start":{"line":289,"column":41},"end":{"line":294,"column":9}},"line":289},"16":{"name":"(anonymous_16)","decl":{"start":{"line":300,"column":23},"end":{"line":300,"column":24}},"loc":{"start":{"line":300,"column":35},"end":{"line":308,"column":1}},"line":300},"17":{"name":"(anonymous_17)","decl":{"start":{"line":310,"column":25},"end":{"line":310,"column":26}},"loc":{"start":{"line":310,"column":31},"end":{"line":359,"column":1}},"line":310},"18":{"name":"(anonymous_18)","decl":{"start":{"line":320,"column":25},"end":{"line":320,"column":26}},"loc":{"start":{"line":320,"column":34},"end":{"line":358,"column":5}},"line":320},"19":{"name":"(anonymous_19)","decl":{"start":{"line":362,"column":29},"end":{"line":362,"column":30}},"loc":{"start":{"line":362,"column":35},"end":{"line":394,"column":1}},"line":362},"20":{"name":"(anonymous_20)","decl":{"start":{"line":397,"column":22},"end":{"line":397,"column":23}},"loc":{"start":{"line":397,"column":36},"end":{"line":410,"column":1}},"line":397}},"branchMap":{"0":{"loc":{"start":{"line":69,"column":8},"end":{"line":72,"column":9}},"type":"if","locations":[{"start":{"line":69,"column":8},"end":{"line":72,"column":9}},{"start":{},"end":{}}],"line":69},"1":{"loc":{"start":{"line":85,"column":12},"end":{"line":112,"column":13}},"type":"if","locations":[{"start":{"line":85,"column":12},"end":{"line":112,"column":13}},{"start":{"line":89,"column":19},"end":{"line":112,"column":13}}],"line":85},"2":{"loc":{"start":{"line":95,"column":34},"end":{"line":95,"column":87}},"type":"cond-expr","locations":[{"start":{"line":95,"column":59},"end":{"line":95,"column":75}},{"start":{"line":95,"column":78},"end":{"line":95,"column":87}}],"line":95},"3":{"loc":{"start":{"line":98,"column":16},"end":{"line":100,"column":17}},"type":"if","locations":[{"start":{"line":98,"column":16},"end":{"line":100,"column":17}},{"start":{},"end":{}}],"line":98},"4":{"loc":{"start":{"line":117,"column":49},"end":{"line":117,"column":97}},"type":"cond-expr","locations":[{"start":{"line":117,"column":73},"end":{"line":117,"column":81}},{"start":{"line":117,"column":84},"end":{"line":117,"column":97}}],"line":117},"5":{"loc":{"start":{"line":142,"column":8},"end":{"line":148,"column":9}},"type":"if","locations":[{"start":{"line":142,"column":8},"end":{"line":148,"column":9}},{"start":{"line":145,"column":15},"end":{"line":148,"column":9}}],"line":142},"6":{"loc":{"start":{"line":161,"column":12},"end":{"line":164,"column":13}},"type":"if","locations":[{"start":{"line":161,"column":12},"end":{"line":164,"column":13}},{"start":{},"end":{}}],"line":161},"7":{"loc":{"start":{"line":180,"column":29},"end":{"line":180,"column":98}},"type":"binary-expr","locations":[{"start":{"line":180,"column":29},"end":{"line":180,"column":64}},{"start":{"line":180,"column":68},"end":{"line":180,"column":98}}],"line":180},"8":{"loc":{"start":{"line":189,"column":12},"end":{"line":196,"column":13}},"type":"if","locations":[{"start":{"line":189,"column":12},"end":{"line":196,"column":13}},{"start":{"line":193,"column":19},"end":{"line":196,"column":13}}],"line":189},"9":{"loc":{"start":{"line":223,"column":21},"end":{"line":223,"column":49}},"type":"binary-expr","locations":[{"start":{"line":223,"column":21},"end":{"line":223,"column":43}},{"start":{"line":223,"column":47},"end":{"line":223,"column":49}}],"line":223},"10":{"loc":{"start":{"line":224,"column":21},"end":{"line":224,"column":64}},"type":"binary-expr","locations":[{"start":{"line":224,"column":21},"end":{"line":224,"column":34}},{"start":{"line":224,"column":38},"end":{"line":224,"column":56}},{"start":{"line":224,"column":60},"end":{"line":224,"column":64}}],"line":224},"11":{"loc":{"start":{"line":228,"column":4},"end":{"line":230,"column":5}},"type":"if","locations":[{"start":{"line":228,"column":4},"end":{"line":230,"column":5}},{"start":{},"end":{}}],"line":228},"12":{"loc":{"start":{"line":228,"column":8},"end":{"line":228,"column":33}},"type":"binary-expr","locations":[{"start":{"line":228,"column":8},"end":{"line":228,"column":16}},{"start":{"line":228,"column":20},"end":{"line":228,"column":33}}],"line":228},"13":{"loc":{"start":{"line":235,"column":14},"end":{"line":235,"column":73}},"type":"binary-expr","locations":[{"start":{"line":235,"column":14},"end":{"line":235,"column":27}},{"start":{"line":235,"column":31},"end":{"line":235,"column":60}},{"start":{"line":235,"column":64},"end":{"line":235,"column":73}}],"line":235},"14":{"loc":{"start":{"line":241,"column":62},"end":{"line":241,"column":81}},"type":"default-arg","locations":[{"start":{"line":241,"column":77},"end":{"line":241,"column":81}}],"line":241},"15":{"loc":{"start":{"line":253,"column":4},"end":{"line":255,"column":5}},"type":"if","locations":[{"start":{"line":253,"column":4},"end":{"line":255,"column":5}},{"start":{},"end":{}}],"line":253},"16":{"loc":{"start":{"line":254,"column":36},"end":{"line":254,"column":81}},"type":"cond-expr","locations":[{"start":{"line":254,"column":66},"end":{"line":254,"column":72}},{"start":{"line":254,"column":75},"end":{"line":254,"column":81}}],"line":254},"17":{"loc":{"start":{"line":256,"column":4},"end":{"line":259,"column":5}},"type":"if","locations":[{"start":{"line":256,"column":4},"end":{"line":259,"column":5}},{"start":{},"end":{}}],"line":256},"18":{"loc":{"start":{"line":262,"column":4},"end":{"line":272,"column":5}},"type":"if","locations":[{"start":{"line":262,"column":4},"end":{"line":272,"column":5}},{"start":{},"end":{}}],"line":262},"19":{"loc":{"start":{"line":263,"column":21},"end":{"line":263,"column":52}},"type":"binary-expr","locations":[{"start":{"line":263,"column":21},"end":{"line":263,"column":46}},{"start":{"line":263,"column":50},"end":{"line":263,"column":52}}],"line":263},"20":{"loc":{"start":{"line":264,"column":34},"end":{"line":264,"column":95}},"type":"binary-expr","locations":[{"start":{"line":264,"column":34},"end":{"line":264,"column":46}},{"start":{"line":264,"column":50},"end":{"line":264,"column":59}},{"start":{"line":264,"column":63},"end":{"line":264,"column":82}},{"start":{"line":264,"column":86},"end":{"line":264,"column":95}}],"line":264},"21":{"loc":{"start":{"line":265,"column":32},"end":{"line":265,"column":58}},"type":"binary-expr","locations":[{"start":{"line":265,"column":32},"end":{"line":265,"column":43}},{"start":{"line":265,"column":47},"end":{"line":265,"column":53}},{"start":{"line":265,"column":57},"end":{"line":265,"column":58}}],"line":265},"22":{"loc":{"start":{"line":268,"column":67},"end":{"line":268,"column":130}},"type":"cond-expr","locations":[{"start":{"line":268,"column":85},"end":{"line":268,"column":114}},{"start":{"line":268,"column":117},"end":{"line":268,"column":130}}],"line":268},"23":{"loc":{"start":{"line":270,"column":45},"end":{"line":270,"column":102}},"type":"cond-expr","locations":[{"start":{"line":270,"column":73},"end":{"line":270,"column":88}},{"start":{"line":270,"column":91},"end":{"line":270,"column":102}}],"line":270},"24":{"loc":{"start":{"line":286,"column":8},"end":{"line":286,"column":28}},"type":"if","locations":[{"start":{"line":286,"column":8},"end":{"line":286,"column":28}},{"start":{},"end":{}}],"line":286},"25":{"loc":{"start":{"line":289,"column":9},"end":{"line":289,"column":26}},"type":"binary-expr","locations":[{"start":{"line":289,"column":9},"end":{"line":289,"column":20}},{"start":{"line":289,"column":24},"end":{"line":289,"column":26}}],"line":289},"26":{"loc":{"start":{"line":290,"column":35},"end":{"line":290,"column":70}},"type":"binary-expr","locations":[{"start":{"line":290,"column":35},"end":{"line":290,"column":42}},{"start":{"line":290,"column":46},"end":{"line":290,"column":64}},{"start":{"line":290,"column":68},"end":{"line":290,"column":70}}],"line":290},"27":{"loc":{"start":{"line":291,"column":12},"end":{"line":293,"column":13}},"type":"if","locations":[{"start":{"line":291,"column":12},"end":{"line":293,"column":13}},{"start":{},"end":{}}],"line":291},"28":{"loc":{"start":{"line":303,"column":23},"end":{"line":303,"column":34}},"type":"binary-expr","locations":[{"start":{"line":303,"column":23},"end":{"line":303,"column":28}},{"start":{"line":303,"column":32},"end":{"line":303,"column":34}}],"line":303},"29":{"loc":{"start":{"line":313,"column":4},"end":{"line":316,"column":5}},"type":"if","locations":[{"start":{"line":313,"column":4},"end":{"line":316,"column":5}},{"start":{},"end":{}}],"line":313},"30":{"loc":{"start":{"line":322,"column":21},"end":{"line":322,"column":68}},"type":"binary-expr","locations":[{"start":{"line":322,"column":21},"end":{"line":322,"column":53}},{"start":{"line":322,"column":57},"end":{"line":322,"column":68}}],"line":322},"31":{"loc":{"start":{"line":323,"column":64},"end":{"line":323,"column":96}},"type":"cond-expr","locations":[{"start":{"line":323,"column":82},"end":{"line":323,"column":91}},{"start":{"line":323,"column":94},"end":{"line":323,"column":96}}],"line":323},"32":{"loc":{"start":{"line":325,"column":33},"end":{"line":325,"column":55}},"type":"binary-expr","locations":[{"start":{"line":325,"column":33},"end":{"line":325,"column":49}},{"start":{"line":325,"column":53},"end":{"line":325,"column":55}}],"line":325},"33":{"loc":{"start":{"line":326,"column":30},"end":{"line":326,"column":76}},"type":"cond-expr","locations":[{"start":{"line":326,"column":36},"end":{"line":326,"column":58}},{"start":{"line":326,"column":61},"end":{"line":326,"column":76}}],"line":326},"34":{"loc":{"start":{"line":327,"column":25},"end":{"line":327,"column":134}},"type":"binary-expr","locations":[{"start":{"line":327,"column":25},"end":{"line":327,"column":49}},{"start":{"line":327,"column":53},"end":{"line":327,"column":79}},{"start":{"line":327,"column":83},"end":{"line":327,"column":104}},{"start":{"line":327,"column":108},"end":{"line":327,"column":134}}],"line":327},"35":{"loc":{"start":{"line":329,"column":64},"end":{"line":329,"column":89}},"type":"cond-expr","locations":[{"start":{"line":329,"column":75},"end":{"line":329,"column":84}},{"start":{"line":329,"column":87},"end":{"line":329,"column":89}}],"line":329},"36":{"loc":{"start":{"line":333,"column":18},"end":{"line":337,"column":22}},"type":"cond-expr","locations":[{"start":{"line":333,"column":56},"end":{"line":337,"column":17}},{"start":{"line":337,"column":20},"end":{"line":337,"column":22}}],"line":333},"37":{"loc":{"start":{"line":342,"column":14},"end":{"line":342,"column":383}},"type":"cond-expr","locations":[{"start":{"line":342,"column":122},"end":{"line":342,"column":378}},{"start":{"line":342,"column":381},"end":{"line":342,"column":383}}],"line":342},"38":{"loc":{"start":{"line":342,"column":14},"end":{"line":342,"column":119}},"type":"binary-expr","locations":[{"start":{"line":342,"column":14},"end":{"line":342,"column":30}},{"start":{"line":342,"column":34},"end":{"line":342,"column":50}},{"start":{"line":342,"column":54},"end":{"line":342,"column":75}},{"start":{"line":342,"column":79},"end":{"line":342,"column":95}},{"start":{"line":342,"column":99},"end":{"line":342,"column":119}}],"line":342},"39":{"loc":{"start":{"line":342,"column":264},"end":{"line":342,"column":369}},"type":"binary-expr","locations":[{"start":{"line":342,"column":264},"end":{"line":342,"column":280}},{"start":{"line":342,"column":284},"end":{"line":342,"column":300}},{"start":{"line":342,"column":304},"end":{"line":342,"column":325}},{"start":{"line":342,"column":329},"end":{"line":342,"column":345}},{"start":{"line":342,"column":349},"end":{"line":342,"column":369}}],"line":342},"40":{"loc":{"start":{"line":344,"column":36},"end":{"line":344,"column":59}},"type":"binary-expr","locations":[{"start":{"line":344,"column":36},"end":{"line":344,"column":53}},{"start":{"line":344,"column":57},"end":{"line":344,"column":59}}],"line":344},"41":{"loc":{"start":{"line":347,"column":18},"end":{"line":351,"column":22}},"type":"cond-expr","locations":[{"start":{"line":347,"column":35},"end":{"line":351,"column":17}},{"start":{"line":351,"column":20},"end":{"line":351,"column":22}}],"line":347},"42":{"loc":{"start":{"line":365,"column":4},"end":{"line":365,"column":52}},"type":"if","locations":[{"start":{"line":365,"column":4},"end":{"line":365,"column":52}},{"start":{},"end":{}}],"line":365},"43":{"loc":{"start":{"line":365,"column":8},"end":{"line":365,"column":43}},"type":"binary-expr","locations":[{"start":{"line":365,"column":8},"end":{"line":365,"column":25}},{"start":{"line":365,"column":29},"end":{"line":365,"column":43}}],"line":365},"44":{"loc":{"start":{"line":388,"column":8},"end":{"line":390,"column":9}},"type":"if","locations":[{"start":{"line":388,"column":8},"end":{"line":390,"column":9}},{"start":{},"end":{}}],"line":388},"45":{"loc":{"start":{"line":388,"column":12},"end":{"line":388,"column":91}},"type":"binary-expr","locations":[{"start":{"line":388,"column":12},"end":{"line":388,"column":34}},{"start":{"line":388,"column":38},"end":{"line":388,"column":61}},{"start":{"line":388,"column":65},"end":{"line":388,"column":91}}],"line":388},"46":{"loc":{"start":{"line":406,"column":4},"end":{"line":409,"column":5}},"type":"if","locations":[{"start":{"line":406,"column":4},"end":{"line":409,"column":5}},{"start":{},"end":{}}],"line":406}},"s":{"0":0,"1":0,"2":0,"3":0,"4":0,"5":0,"6":0,"7":0,"8":0,"9":0,"10":0,"11":0,"12":0,"13":0,"14":0,"15":0,"16":0,"17":0,"18":0,"19":0,"20":0,"21":0,"22":0,"23":0,"24":0,"25":0,"26":0,"27":0,"28":0,"29":0,"30":0,"31":0,"32":0,"33":0,"34":0,"35":0,"36":0,"37":0,"38":0,"39":0,"40":0,"41":0,"42":0,"43":0,"44":0,"45":0,"46":0,"47":0,"48":0,"49":0,"50":0,"51":0,"52":0,"53":0,"54":0,"55":0,"56":0,"57":0,"58":0,"59":0,"60":0,"61":0,"62":0,"63":0,"64":0,"65":0,"66":0,"67":0,"68":0,"69":0,"70":0,"71":0,"72":0,"73":0,"74":0,"75":0,"76":0,"77":0,"78":0,"79":0,"80":0,"81":0,"82":0,"83":0,"84":0,"85":0,"86":0,"87":0,"88":0,"89":0,"90":0,"91":0,"92":0,"93":0,"94":0,"95":0,"96":0,"97":0,"98":0,"99":0,"100":0,"101":0,"102":0,"103":0,"104":0,"105":0,"106":0,"107":0,"108":0,"109":0,"110":0,"111":0,"112":0,"113":0,"114":0,"115":0,"116":0,"117":0,"118":0,"119":0,"120":0,"121":0,"122":0,"123":0,"124":0,"125":0,"126":0,"127":0,"128":0,"129":0,"130":0,"131":0,"132":0,"133":0,"134":0,"135":0,"136":0,"137":0,"138":0,"139":0,"140":0,"141":0,"142":0,"143":0,"144":0,"145":0,"146":0,"147":0,"148":0,"149":0,"150":0,"151":0,"152":0,"153":0,"154":0,"155":0,"156":0,"157":0,"158":0,"159":0,"160":0,"161":0,"162":0,"163":0,"164":0,"165":0,"166":0,"167":0,"168":0,"169":0,"170":0,"171":0,"172":0,"173":0,"174":0,"175":0,"176":0,"177":0,"178":0,"179":0,"180":0,"181":0,"182":0,"183":0,"184":0,"185":0,"186":0,"187":0,"188":0,"189":0,"190":0,"191":0,"192":0,"193":0,"194":0,"195":0,"196":0,"197":0,"198":0,"199":0,"200":0},"f":{"0":0,"1":0,"2":0,"3":0,"4":0,"5":0,"6":0,"7":0,"8":0,"9":0,"10":0,"11":0,"12":0,"13":0,"14":0,"15":0,"16":0,"17":0,"18":0,"19":0,"20":0},"b":{"0":[0,0],"1":[0,0],"2":[0,0],"3":[0,0],"4":[0,0],"5":[0,0],"6":[0,0],"7":[0,0],"8":[0,0],"9":[0,0],"10":[0,0,0],"11":[0,0],"12":[0,0],"13":[0,0,0],"14":[0],"15":[0,0],"16":[0,0],"17":[0,0],"18":[0,0],"19":[0,0],"20":[0,0,0,0],"21":[0,0,0],"22":[0,0],"23":[0,0],"24":[0,0],"25":[0,0],"26":[0,0,0],"27":[0,0],"28":[0,0],"29":[0,0],"30":[0,0],"31":[0,0],"32":[0,0],"33":[0,0],"34":[0,0,0,0],"35":[0,0],"36":[0,0],"37":[0,0],"38":[0,0,0,0,0],"39":[0,0,0,0,0],"40":[0,0],"41":[0,0],"42":[0,0],"43":[0,0],"44":[0,0],"45":[0,0,0],"46":[0,0]},"inputSourceMap":null}
,"/workspaces/AGENDA-UEMG/src/js/utils.js": {"path":"/workspaces/AGENDA-UEMG/src/js/utils.js","statementMap":{"0":{"start":{"line":5,"column":28},"end":{"line":26,"column":1}},"1":{"start":{"line":6,"column":22},"end":{"line":6,"column":24}},"2":{"start":{"line":8,"column":4},"end":{"line":23,"column":7}},"3":{"start":{"line":9,"column":22},"end":{"line":9,"column":34}},"4":{"start":{"line":10,"column":8},"end":{"line":10,"column":52}},"5":{"start":{"line":10,"column":45},"end":{"line":10,"column":52}},"6":{"start":{"line":12,"column":26},"end":{"line":12,"column":44}},"7":{"start":{"line":13,"column":8},"end":{"line":13,"column":37}},"8":{"start":{"line":13,"column":30},"end":{"line":13,"column":37}},"9":{"start":{"line":15,"column":22},"end":{"line":15,"column":54}},"10":{"start":{"line":16,"column":20},"end":{"line":16,"column":53}},"11":{"start":{"line":18,"column":8},"end":{"line":20,"column":9}},"12":{"start":{"line":19,"column":12},"end":{"line":19,"column":39}},"13":{"start":{"line":22,"column":8},"end":{"line":22,"column":33}},"14":{"start":{"line":25,"column":4},"end":{"line":25,"column":21}},"15":{"start":{"line":28,"column":36},"end":{"line":38,"column":1}},"16":{"start":{"line":29,"column":17},"end":{"line":29,"column":83}},"17":{"start":{"line":30,"column":19},"end":{"line":30,"column":58}},"18":{"start":{"line":31,"column":17},"end":{"line":31,"column":53}},"19":{"start":{"line":33,"column":4},"end":{"line":37,"column":6}},"20":{"start":{"line":40,"column":34},"end":{"line":51,"column":1}},"21":{"start":{"line":41,"column":4},"end":{"line":41,"column":34}},"22":{"start":{"line":41,"column":21},"end":{"line":41,"column":34}},"23":{"start":{"line":43,"column":22},"end":{"line":43,"column":42}},"24":{"start":{"line":44,"column":17},"end":{"line":44,"column":27}},"25":{"start":{"line":47,"column":4},"end":{"line":47,"column":30}},"26":{"start":{"line":48,"column":4},"end":{"line":48,"column":35}},"27":{"start":{"line":50,"column":4},"end":{"line":50,"column":29}},"28":{"start":{"line":56,"column":41},"end":{"line":72,"column":1}},"29":{"start":{"line":57,"column":4},"end":{"line":57,"column":58}},"30":{"start":{"line":57,"column":45},"end":{"line":57,"column":58}},"31":{"start":{"line":59,"column":23},"end":{"line":59,"column":49}},"32":{"start":{"line":62,"column":4},"end":{"line":64,"column":5}},"33":{"start":{"line":63,"column":8},"end":{"line":63,"column":21}},"34":{"start":{"line":66,"column":4},"end":{"line":70,"column":5}},"35":{"start":{"line":67,"column":8},"end":{"line":67,"column":56}},"36":{"start":{"line":68,"column":11},"end":{"line":70,"column":5}},"37":{"start":{"line":69,"column":8},"end":{"line":69,"column":92}},"38":{"start":{"line":71,"column":4},"end":{"line":71,"column":17}},"39":{"start":{"line":78,"column":32},"end":{"line":108,"column":1}},"40":{"start":{"line":80,"column":4},"end":{"line":82,"column":5}},"41":{"start":{"line":81,"column":8},"end":{"line":81,"column":50}},"42":{"start":{"line":83,"column":4},"end":{"line":85,"column":5}},"43":{"start":{"line":84,"column":8},"end":{"line":84,"column":54}},"44":{"start":{"line":86,"column":4},"end":{"line":88,"column":5}},"45":{"start":{"line":87,"column":8},"end":{"line":87,"column":59}},"46":{"start":{"line":90,"column":4},"end":{"line":92,"column":5}},"47":{"start":{"line":91,"column":8},"end":{"line":91,"column":58}},"48":{"start":{"line":95,"column":4},"end":{"line":97,"column":5}},"49":{"start":{"line":96,"column":8},"end":{"line":96,"column":69}},"50":{"start":{"line":100,"column":4},"end":{"line":107,"column":6}}},"fnMap":{"0":{"name":"(anonymous_0)","decl":{"start":{"line":5,"column":28},"end":{"line":5,"column":29}},"loc":{"start":{"line":5,"column":42},"end":{"line":26,"column":1}},"line":5},"1":{"name":"(anonymous_1)","decl":{"start":{"line":8,"column":36},"end":{"line":8,"column":37}},"loc":{"start":{"line":8,"column":45},"end":{"line":23,"column":5}},"line":8},"2":{"name":"(anonymous_2)","decl":{"start":{"line":28,"column":36},"end":{"line":28,"column":37}},"loc":{"start":{"line":28,"column":70},"end":{"line":38,"column":1}},"line":28},"3":{"name":"(anonymous_3)","decl":{"start":{"line":40,"column":34},"end":{"line":40,"column":35}},"loc":{"start":{"line":40,"column":50},"end":{"line":51,"column":1}},"line":40},"4":{"name":"(anonymous_4)","decl":{"start":{"line":56,"column":41},"end":{"line":56,"column":42}},"loc":{"start":{"line":56,"column":58},"end":{"line":72,"column":1}},"line":56},"5":{"name":"(anonymous_5)","decl":{"start":{"line":78,"column":32},"end":{"line":78,"column":33}},"loc":{"start":{"line":78,"column":88},"end":{"line":108,"column":1}},"line":78}},"branchMap":{"0":{"loc":{"start":{"line":10,"column":8},"end":{"line":10,"column":52}},"type":"if","locations":[{"start":{"line":10,"column":8},"end":{"line":10,"column":52}},{"start":{},"end":{}}],"line":10},"1":{"loc":{"start":{"line":10,"column":12},"end":{"line":10,"column":43}},"type":"binary-expr","locations":[{"start":{"line":10,"column":12},"end":{"line":10,"column":18}},{"start":{"line":10,"column":22},"end":{"line":10,"column":43}}],"line":10},"2":{"loc":{"start":{"line":13,"column":8},"end":{"line":13,"column":37}},"type":"if","locations":[{"start":{"line":13,"column":8},"end":{"line":13,"column":37}},{"start":{},"end":{}}],"line":13},"3":{"loc":{"start":{"line":18,"column":8},"end":{"line":20,"column":9}},"type":"if","locations":[{"start":{"line":18,"column":8},"end":{"line":20,"column":9}},{"start":{},"end":{}}],"line":18},"4":{"loc":{"start":{"line":18,"column":12},"end":{"line":18,"column":108}},"type":"binary-expr","locations":[{"start":{"line":18,"column":13},"end":{"line":18,"column":34}},{"start":{"line":18,"column":38},"end":{"line":18,"column":57}},{"start":{"line":18,"column":63},"end":{"line":18,"column":84}},{"start":{"line":18,"column":88},"end":{"line":18,"column":107}}],"line":18},"5":{"loc":{"start":{"line":28,"column":37},"end":{"line":28,"column":50}},"type":"default-arg","locations":[{"start":{"line":28,"column":48},"end":{"line":28,"column":50}}],"line":28},"6":{"loc":{"start":{"line":28,"column":52},"end":{"line":28,"column":65}},"type":"default-arg","locations":[{"start":{"line":28,"column":61},"end":{"line":28,"column":65}}],"line":28},"7":{"loc":{"start":{"line":29,"column":17},"end":{"line":29,"column":83}},"type":"binary-expr","locations":[{"start":{"line":29,"column":17},"end":{"line":29,"column":31}},{"start":{"line":29,"column":35},"end":{"line":29,"column":54}},{"start":{"line":29,"column":58},"end":{"line":29,"column":70}},{"start":{"line":29,"column":74},"end":{"line":29,"column":83}}],"line":29},"8":{"loc":{"start":{"line":30,"column":19},"end":{"line":30,"column":58}},"type":"binary-expr","locations":[{"start":{"line":30,"column":19},"end":{"line":30,"column":35}},{"start":{"line":30,"column":39},"end":{"line":30,"column":53}},{"start":{"line":30,"column":57},"end":{"line":30,"column":58}}],"line":30},"9":{"loc":{"start":{"line":31,"column":17},"end":{"line":31,"column":53}},"type":"binary-expr","locations":[{"start":{"line":31,"column":17},"end":{"line":31,"column":31}},{"start":{"line":31,"column":35},"end":{"line":31,"column":47}},{"start":{"line":31,"column":51},"end":{"line":31,"column":53}}],"line":31},"10":{"loc":{"start":{"line":35,"column":16},"end":{"line":35,"column":35}},"type":"binary-expr","locations":[{"start":{"line":35,"column":16},"end":{"line":35,"column":30}},{"start":{"line":35,"column":34},"end":{"line":35,"column":35}}],"line":35},"11":{"loc":{"start":{"line":41,"column":4},"end":{"line":41,"column":34}},"type":"if","locations":[{"start":{"line":41,"column":4},"end":{"line":41,"column":34}},{"start":{},"end":{}}],"line":41},"12":{"loc":{"start":{"line":57,"column":4},"end":{"line":57,"column":58}},"type":"if","locations":[{"start":{"line":57,"column":4},"end":{"line":57,"column":58}},{"start":{},"end":{}}],"line":57},"13":{"loc":{"start":{"line":57,"column":8},"end":{"line":57,"column":43}},"type":"binary-expr","locations":[{"start":{"line":57,"column":8},"end":{"line":57,"column":14}},{"start":{"line":57,"column":18},"end":{"line":57,"column":43}}],"line":57},"14":{"loc":{"start":{"line":62,"column":4},"end":{"line":64,"column":5}},"type":"if","locations":[{"start":{"line":62,"column":4},"end":{"line":64,"column":5}},{"start":{},"end":{}}],"line":62},"15":{"loc":{"start":{"line":62,"column":8},"end":{"line":62,"column":91}},"type":"binary-expr","locations":[{"start":{"line":62,"column":8},"end":{"line":62,"column":33}},{"start":{"line":62,"column":37},"end":{"line":62,"column":63}},{"start":{"line":62,"column":67},"end":{"line":62,"column":91}}],"line":62},"16":{"loc":{"start":{"line":66,"column":4},"end":{"line":70,"column":5}},"type":"if","locations":[{"start":{"line":66,"column":4},"end":{"line":70,"column":5}},{"start":{"line":68,"column":11},"end":{"line":70,"column":5}}],"line":66},"17":{"loc":{"start":{"line":66,"column":8},"end":{"line":66,"column":75}},"type":"binary-expr","locations":[{"start":{"line":66,"column":8},"end":{"line":66,"column":26}},{"start":{"line":66,"column":30},"end":{"line":66,"column":55}},{"start":{"line":66,"column":59},"end":{"line":66,"column":75}}],"line":66},"18":{"loc":{"start":{"line":68,"column":11},"end":{"line":70,"column":5}},"type":"if","locations":[{"start":{"line":68,"column":11},"end":{"line":70,"column":5}},{"start":{},"end":{}}],"line":68},"19":{"loc":{"start":{"line":69,"column":15},"end":{"line":69,"column":91}},"type":"binary-expr","locations":[{"start":{"line":69,"column":15},"end":{"line":69,"column":46}},{"start":{"line":69,"column":50},"end":{"line":69,"column":91}}],"line":69},"20":{"loc":{"start":{"line":80,"column":4},"end":{"line":82,"column":5}},"type":"if","locations":[{"start":{"line":80,"column":4},"end":{"line":82,"column":5}},{"start":{},"end":{}}],"line":80},"21":{"loc":{"start":{"line":80,"column":8},"end":{"line":80,"column":39}},"type":"binary-expr","locations":[{"start":{"line":80,"column":8},"end":{"line":80,"column":15}},{"start":{"line":80,"column":19},"end":{"line":80,"column":39}}],"line":80},"22":{"loc":{"start":{"line":83,"column":4},"end":{"line":85,"column":5}},"type":"if","locations":[{"start":{"line":83,"column":4},"end":{"line":85,"column":5}},{"start":{},"end":{}}],"line":83},"23":{"loc":{"start":{"line":83,"column":8},"end":{"line":83,"column":47}},"type":"binary-expr","locations":[{"start":{"line":83,"column":8},"end":{"line":83,"column":19}},{"start":{"line":83,"column":23},"end":{"line":83,"column":47}}],"line":83},"24":{"loc":{"start":{"line":86,"column":4},"end":{"line":88,"column":5}},"type":"if","locations":[{"start":{"line":86,"column":4},"end":{"line":88,"column":5}},{"start":{},"end":{}}],"line":86},"25":{"loc":{"start":{"line":90,"column":4},"end":{"line":92,"column":5}},"type":"if","locations":[{"start":{"line":90,"column":4},"end":{"line":92,"column":5}},{"start":{},"end":{}}],"line":90},"26":{"loc":{"start":{"line":90,"column":8},"end":{"line":90,"column":35}},"type":"binary-expr","locations":[{"start":{"line":90,"column":8},"end":{"line":90,"column":13}},{"start":{"line":90,"column":17},"end":{"line":90,"column":35}}],"line":90},"27":{"loc":{"start":{"line":95,"column":4},"end":{"line":97,"column":5}},"type":"if","locations":[{"start":{"line":95,"column":4},"end":{"line":97,"column":5}},{"start":{},"end":{}}],"line":95},"28":{"loc":{"start":{"line":103,"column":21},"end":{"line":103,"column":54}},"type":"cond-expr","locations":[{"start":{"line":103,"column":33},"end":{"line":103,"column":49}},{"start":{"line":103,"column":52},"end":{"line":103,"column":54}}],"line":103}},"s":{"0":1,"1":2,"2":2,"3":8,"4":8,"5":4,"6":4,"7":4,"8":0,"9":4,"10":4,"11":4,"12":2,"13":4,"14":2,"15":1,"16":2,"17":2,"18":2,"19":2,"20":1,"21":43,"22":3,"23":40,"24":40,"25":40,"26":40,"27":40,"28":1,"29":16,"30":2,"31":14,"32":14,"33":1,"34":13,"35":8,"36":5,"37":3,"38":2,"39":1,"40":38,"41":2,"42":36,"43":2,"44":34,"45":1,"46":33,"47":1,"48":32,"49":1,"50":31},"f":{"0":2,"1":8,"2":2,"3":43,"4":16,"5":38},"b":{"0":[4,4],"1":[8,5],"2":[0,4],"3":[2,2],"4":[4,2,2,0],"5":[0],"6":[1],"7":[2,1,1,0],"8":[2,1,0],"9":[2,1,0],"10":[2,0],"11":[3,40],"12":[2,14],"13":[16,14],"14":[1,13],"15":[14,14,13],"16":[8,5],"17":[13,8,6],"18":[3,2],"19":[3,1],"20":[2,36],"21":[38,37],"22":[2,34],"23":[36,35],"24":[1,33],"25":[1,32],"26":[33,32],"27":[1,31],"28":[27,4]},"inputSourceMap":null,"_coverageSchema":"1a1c01bbd47fc00a2c39e90264f33305004495a9","hash":"ad7f1c5dace43c4c4a220afc7db9ad6cdcad0eb5"}
}
