TN:
SF:src/js/app.js
FN:42,(anonymous_0)
FN:46,(anonymous_1)
FN:56,(anonymous_2)
FN:67,(anonymous_3)
FN:75,(anonymous_4)
FN:120,(anonymous_5)
FN:126,(anonymous_6)
FN:130,(anonymous_7)
FN:138,(anonymous_8)
FN:150,(anonymous_9)
FN:209,(anonymous_10)
FN:214,(anonymous_11)
FN:222,entrarNoDashboard
FN:257,(anonymous_13)
FN:264,(anonymous_14)
FN:272,(anonymous_15)
FN:282,(anonymous_16)
FN:292,(anonymous_17)
FN:331,(anonymous_18)
FN:366,(anonymous_19)
FNF:20
FNH:0
FNDA:0,(anonymous_0)
FNDA:0,(anonymous_1)
FNDA:0,(anonymous_2)
FNDA:0,(anonymous_3)
FNDA:0,(anonymous_4)
FNDA:0,(anonymous_5)
FNDA:0,(anonymous_6)
FNDA:0,(anonymous_7)
FNDA:0,(anonymous_8)
FNDA:0,(anonymous_9)
FNDA:0,(anonymous_10)
FNDA:0,(anonymous_11)
FNDA:0,entrarNoDashboard
FNDA:0,(anonymous_13)
FNDA:0,(anonymous_14)
FNDA:0,(anonymous_15)
FNDA:0,(anonymous_16)
FNDA:0,(anonymous_17)
FNDA:0,(anonymous_18)
FNDA:0,(anonymous_19)
DA:11,0
DA:19,0
DA:40,0
DA:42,0
DA:44,0
DA:46,0
DA:47,0
DA:48,0
DA:49,0
DA:50,0
DA:51,0
DA:52,0
DA:53,0
DA:56,0
DA:57,0
DA:58,0
DA:59,0
DA:60,0
DA:61,0
DA:62,0
DA:63,0
DA:67,0
DA:68,0
DA:69,0
DA:70,0
DA:75,0
DA:76,0
DA:77,0
DA:78,0
DA:80,0
DA:81,0
DA:83,0
DA:84,0
DA:85,0
DA:86,0
DA:87,0
DA:89,0
DA:90,0
DA:91,0
DA:94,0
DA:97,0
DA:98,0
DA:102,0
DA:108,0
DA:109,0
DA:112,0
DA:114,0
DA:115,0
DA:120,0
DA:121,0
DA:122,0
DA:126,0
DA:127,0
DA:130,0
DA:131,0
DA:132,0
DA:133,0
DA:134,0
DA:138,0
DA:139,0
DA:140,0
DA:141,0
DA:142,0
DA:144,0
DA:145,0
DA:150,0
DA:151,0
DA:152,0
DA:153,0
DA:155,0
DA:156,0
DA:157,0
DA:159,0
DA:160,0
DA:161,0
DA:164,0
DA:166,0
DA:167,0
DA:168,0
DA:169,0
DA:170,0
DA:171,0
DA:174,0
DA:177,0
DA:180,0
DA:187,0
DA:188,0
DA:189,0
DA:190,0
DA:192,0
DA:193,0
DA:196,0
DA:197,0
DA:198,0
DA:199,0
DA:201,0
DA:203,0
DA:204,0
DA:209,0
DA:210,0
DA:211,0
DA:214,0
DA:215,0
DA:216,0
DA:223,0
DA:224,0
DA:226,0
DA:227,0
DA:229,0
DA:231,0
DA:232,0
DA:233,0
DA:236,0
DA:237,0
DA:238,0
DA:239,0
DA:240,0
DA:242,0
DA:243,0
DA:245,0
DA:246,0
DA:250,0
DA:252,0
DA:253,0
DA:257,0
DA:258,0
DA:259,0
DA:260,0
DA:261,0
DA:263,0
DA:264,0
DA:265,0
DA:268,0
DA:272,0
DA:273,0
DA:274,0
DA:275,0
DA:276,0
DA:278,0
DA:282,0
DA:283,0
DA:285,0
DA:286,0
DA:287,0
DA:290,0
DA:292,0
DA:293,0
DA:294,0
DA:295,0
DA:297,0
DA:299,0
DA:326,0
DA:331,0
DA:332,0
DA:333,0
DA:334,0
DA:336,0
DA:337,0
DA:339,0
DA:341,0
DA:342,0
DA:344,0
DA:345,0
DA:346,0
DA:348,0
DA:349,0
DA:352,0
DA:353,0
DA:354,0
DA:355,0
DA:357,0
DA:358,0
DA:361,0
DA:366,0
DA:367,0
DA:375,0
DA:376,0
DA:377,0
DA:381,0
LF:179
LH:0
BRDA:68,0,0,0
BRDA:68,0,1,0
BRDA:84,1,0,0
BRDA:84,1,1,0
BRDA:94,2,0,0
BRDA:94,2,1,0
BRDA:97,3,0,0
BRDA:97,3,1,0
BRDA:115,4,0,0
BRDA:115,4,1,0
BRDA:140,5,0,0
BRDA:140,5,1,0
BRDA:159,6,0,0
BRDA:159,6,1,0
BRDA:184,7,0,0
BRDA:184,7,1,0
BRDA:187,8,0,0
BRDA:187,8,1,0
BRDA:232,9,0,0
BRDA:232,9,1,0
BRDA:233,10,0,0
BRDA:233,10,1,0
BRDA:237,11,0,0
BRDA:237,11,1,0
BRDA:238,12,0,0
BRDA:238,12,1,0
BRDA:239,13,0,0
BRDA:239,13,1,0
BRDA:240,14,0,0
BRDA:240,14,1,0
BRDA:243,15,0,0
BRDA:243,15,1,0
BRDA:245,16,0,0
BRDA:245,16,1,0
BRDA:261,17,0,0
BRDA:261,17,1,0
BRDA:275,18,0,0
BRDA:275,18,1,0
BRDA:285,19,0,0
BRDA:285,19,1,0
BRDA:294,20,0,0
BRDA:294,20,1,0
BRDA:295,21,0,0
BRDA:295,21,1,0
BRDA:302,22,0,0
BRDA:302,22,1,0
BRDA:311,23,0,0
BRDA:311,23,1,0
BRDA:313,24,0,0
BRDA:313,24,1,0
BRDA:316,25,0,0
BRDA:316,25,1,0
BRDA:334,26,0,0
BRDA:334,26,1,0
BRDA:334,27,0,0
BRDA:334,27,1,0
BRDA:357,28,0,0
BRDA:357,28,1,0
BRDA:357,29,0,0
BRDA:357,29,1,0
BRDA:357,29,2,0
BRDA:375,30,0,0
BRDA:375,30,1,0
BRF:63
BRH:0
end_of_record
TN:
SF:src/js/utils.js
FN:5,(anonymous_0)
FN:21,(anonymous_1)
FN:43,(anonymous_2)
FNF:3
FNH:3
FNDA:42,(anonymous_0)
FNDA:16,(anonymous_1)
FNDA:39,(anonymous_2)
DA:5,1
DA:6,42
DA:8,39
DA:9,39
DA:12,39
DA:13,39
DA:15,39
DA:21,1
DA:22,16
DA:24,14
DA:27,14
DA:28,1
DA:31,13
DA:32,8
DA:33,5
DA:34,3
DA:36,2
DA:43,1
DA:45,39
DA:46,2
DA:48,37
DA:49,2
DA:51,35
DA:52,1
DA:54,34
DA:55,2
DA:59,32
DA:60,1
DA:64,31
DA:65,1
DA:69,30
LF:31
LH:31
BRDA:6,0,0,3
BRDA:6,0,1,39
BRDA:22,1,0,2
BRDA:22,1,1,14
BRDA:22,2,0,16
BRDA:22,2,1,14
BRDA:27,3,0,1
BRDA:27,3,1,13
BRDA:27,4,0,14
BRDA:27,4,1,14
BRDA:27,4,2,13
BRDA:31,5,0,8
BRDA:31,5,1,5
BRDA:31,6,0,13
BRDA:31,6,1,8
BRDA:31,6,2,6
BRDA:33,7,0,3
BRDA:33,7,1,2
BRDA:34,8,0,3
BRDA:34,8,1,1
BRDA:45,9,0,2
BRDA:45,9,1,37
BRDA:45,10,0,39
BRDA:45,10,1,38
BRDA:48,11,0,2
BRDA:48,11,1,35
BRDA:48,12,0,37
BRDA:48,12,1,36
BRDA:51,13,0,1
BRDA:51,13,1,34
BRDA:54,14,0,2
BRDA:54,14,1,32
BRDA:59,15,0,1
BRDA:59,15,1,31
BRDA:59,16,0,32
BRDA:59,16,1,31
BRDA:64,17,0,1
BRDA:64,17,1,30
BRDA:72,18,0,26
BRDA:72,18,1,4
BRF:40
BRH:40
end_of_record
