TN:
SF:src/js/utils.js
FN:5,(anonymous_0)
FN:8,(anonymous_1)
FN:28,(anonymous_2)
FN:40,(anonymous_3)
FN:56,(anonymous_4)
FN:78,(anonymous_5)
FNF:6
FNH:6
FNDA:2,(anonymous_0)
FNDA:8,(anonymous_1)
FNDA:2,(anonymous_2)
FNDA:43,(anonymous_3)
FNDA:16,(anonymous_4)
FNDA:38,(anonymous_5)
DA:5,1
DA:6,2
DA:8,2
DA:9,8
DA:10,8
DA:12,4
DA:13,4
DA:15,4
DA:16,4
DA:18,4
DA:19,2
DA:22,4
DA:25,2
DA:28,1
DA:29,2
DA:30,2
DA:31,2
DA:33,2
DA:40,1
DA:41,43
DA:43,40
DA:44,40
DA:47,40
DA:48,40
DA:50,40
DA:56,1
DA:57,16
DA:59,14
DA:62,14
DA:63,1
DA:66,13
DA:67,8
DA:68,5
DA:69,3
DA:71,2
DA:78,1
DA:80,38
DA:81,2
DA:83,36
DA:84,2
DA:86,34
DA:87,1
DA:90,33
DA:91,1
DA:95,32
DA:96,1
DA:100,31
LF:47
LH:47
BRDA:10,0,0,4
BRDA:10,0,1,4
BRDA:10,1,0,8
BRDA:10,1,1,5
BRDA:13,2,0,0
BRDA:13,2,1,4
BRDA:18,3,0,2
BRDA:18,3,1,2
BRDA:18,4,0,4
BRDA:18,4,1,2
BRDA:18,4,2,2
BRDA:18,4,3,0
BRDA:28,5,0,0
BRDA:28,6,0,1
BRDA:29,7,0,2
BRDA:29,7,1,1
BRDA:29,7,2,1
BRDA:29,7,3,0
BRDA:30,8,0,2
BRDA:30,8,1,1
BRDA:30,8,2,0
BRDA:31,9,0,2
BRDA:31,9,1,1
BRDA:31,9,2,0
BRDA:35,10,0,2
BRDA:35,10,1,0
BRDA:41,11,0,3
BRDA:41,11,1,40
BRDA:57,12,0,2
BRDA:57,12,1,14
BRDA:57,13,0,16
BRDA:57,13,1,14
BRDA:62,14,0,1
BRDA:62,14,1,13
BRDA:62,15,0,14
BRDA:62,15,1,14
BRDA:62,15,2,13
BRDA:66,16,0,8
BRDA:66,16,1,5
BRDA:66,17,0,13
BRDA:66,17,1,8
BRDA:66,17,2,6
BRDA:68,18,0,3
BRDA:68,18,1,2
BRDA:69,19,0,3
BRDA:69,19,1,1
BRDA:80,20,0,2
BRDA:80,20,1,36
BRDA:80,21,0,38
BRDA:80,21,1,37
BRDA:83,22,0,2
BRDA:83,22,1,34
BRDA:83,23,0,36
BRDA:83,23,1,35
BRDA:86,24,0,1
BRDA:86,24,1,33
BRDA:90,25,0,1
BRDA:90,25,1,32
BRDA:90,26,0,33
BRDA:90,26,1,32
BRDA:95,27,0,1
BRDA:95,27,1,31
BRDA:103,28,0,27
BRDA:103,28,1,4
BRF:64
BRH:57
end_of_record
